Log file open, 05/21/17 19:55:51
LogInit:Display: Running engine for game: Practice
LogPlatformFile: Not using cached read wrapper
LogInit:Display: RandInit(1499901701) SRandInit(1499901702).
LogTaskGraph: Started task graph with 5 named threads and 8 total threads with 1 sets of task threads.
LogStats: Stats thread started at 0.074986
LogInit: Using libcurl 7.47.1
LogInit:  - built for x86_64-pc-win32
LogInit:  - supports SSL with OpenSSL/1.0.2g
LogInit:  - supports HTTP deflate (compression) using libz 1.2.8
LogInit:  - other features:
LogInit:      CURL_VERSION_SSL
LogInit:      CURL_VERSION_LIBZ
LogInit:      CURL_VERSION_IPV6
LogInit:      CURL_VERSION_ASYNCHDNS
LogInit:      CURL_VERSION_LARGEFILE
LogInit:      CURL_VERSION_IDN
LogInit:  CurlRequestOptions (configurable via config and command line):
LogInit:  - bVerifyPeer = false  - Libcurl will NOT verify peer certificate
LogInit:  - bUseHttpProxy = false  - Libcurl will NOT use HTTP proxy
LogInit:  - bDontReuseConnections = false  - Libcurl will reuse connections
LogInit:  - CertBundlePath = nullptr  - Libcurl will use whatever was configured at build time.
LogInit: Build: ++UE4+Release-4.15-CL-3416026
LogInit: Engine Version: 4.15.2-3416026+++UE4+Release-4.15
LogInit: Compatible Engine Version: 4.15.0-3299760+++UE4+Release-4.15
LogInit: Net CL: 3299760
LogDevObjectVersion: Number of dev versions registered: 14
LogDevObjectVersion:   Dev-Blueprints (B0D832E4-1F89-4F0D-ACCF-7EB736FD4AA2): 8
LogDevObjectVersion:   Dev-Build (E1C64328-A22C-4D53-A36C-8E866417BD8C): 0
LogDevObjectVersion:   Dev-Core (375EC13C-06E4-48FB-B500-84F0262A717E): 2
LogDevObjectVersion:   Dev-Editor (E4B068ED-F494-42E9-A231-DA0B2E46BB41): 14
LogDevObjectVersion:   Dev-Framework (CFFC743F-43B0-4480-9391-14DF171D2073): 22
LogDevObjectVersion:   Dev-Mobile (B02B49B5-BB20-44E9-A304-32B752E40360): 0
LogDevObjectVersion:   Dev-Networking (A4E4105C-59A1-49B5-A7C5-40C4547EDFEE): 0
LogDevObjectVersion:   Dev-Online (39C831C9-5AE6-47DC-9A44-9C173E1C8E7C): 0
LogDevObjectVersion:   Dev-Physics (78F01B33-EBEA-4F98-B9B4-84EACCB95AA2): 0
LogDevObjectVersion:   Dev-Platform (6631380F-2D4D-43E0-8009-CF276956A95A): 0
LogDevObjectVersion:   Dev-Rendering (12F88B9F-8875-4AFC-A67C-D90C383ABD29): 12
LogDevObjectVersion:   Dev-Sequencer (7B5AE74C-D270-4C10-A958-57980B212A5A): 3
LogDevObjectVersion:   Dev-VR (D7296918-1DD6-4BDD-9DE2-64A83CC13884): 0
LogDevObjectVersion:   Dev-LoadTimes (C2A15278-BFE7-4AFE-6C17-90FF531DF755): 1
LogInit: Compiled (64-bit): May  1 2017 13:11:28
LogInit: Compiled with Visual C++: 19.00.23026.00
LogInit: Build Configuration: Development
LogInit: Branch Name: ++UE4+Release-4.15
LogInit: Command line:  /Temp/Autosaves/Game/StarterContent/Maps/UEDPCMinimal_Default -game -PIEVIACONSOLE -ResX=1280 -ResY=720  -Multiprocess -messaging -SessionName="Play in Standalone Game" -windowed 
LogInit: Base directory: C:/Program Files/Epic Games/UE_4.15/Engine/Binaries/Win64/
LogInit: Installed Engine Build: 1
LogInit: Presizing for max 8388607 objects, including 0 objects not considered by GC, pre-allocating 0 bytes for permanent pool.
LogInit: Object subsystem initialized
[2017.05.21-10.55.51:985][  0]LogInit: Selected Device Profile: [Windows]
[2017.05.21-10.55.51:985][  0]LogInit: Applying CVar settings loaded from the selected device profile: [Windows]
[2017.05.21-10.55.51:988][  0]LogInit: Computer: 황준호
[2017.05.21-10.55.51:988][  0]LogInit: User: user
[2017.05.21-10.55.51:988][  0]LogInit: CPU Page size=65536, Cores=4
[2017.05.21-10.55.51:988][  0]LogInit: High frequency timer resolution =3.416978 MHz
[2017.05.21-10.55.51:988][  0]LogMemory: Memory total: Physical=11.9GB (12GB approx)
[2017.05.21-10.55.51:988][  0]LogMemory: Platform Memory Stats for Windows
[2017.05.21-10.55.51:988][  0]LogMemory: Process Physical Memory: 262.92 MB used, 262.92 MB peak
[2017.05.21-10.55.51:988][  0]LogMemory: Process Virtual Memory: 262.15 MB used, 262.15 MB peak
[2017.05.21-10.55.51:988][  0]LogMemory: Physical Memory: 6183.39 MB used,  6023.68 MB free, 12207.07 MB total
[2017.05.21-10.55.51:988][  0]LogMemory: Virtual Memory: 643.96 MB used,  6023.68 MB free, 134217728.00 MB total
[2017.05.21-10.55.52:062][  0]LogTextLocalizationManager: No specific translations for ('ko-KR') exist, so ('ko') translations will be used.
[2017.05.21-10.55.52:107][  0]LogTextLocalizationManager:Warning: Loaded localization resources contain conflicting entries for (Namespace:KismetSchema, Key:Default):
Localization Resource: (C:/Program Files/Epic Games/UE_4.15/Engine/Content/Localization/EditorTutorials/ko/EditorTutorials.locres) Source String Hash: (940523119) Localized String: (디폴트)
Localization Resource: (C:/Program Files/Epic Games/UE_4.15/Engine/Content/Localization/Engine/ko/Engine.locres) Source String Hash: (940523119) Localized String: (기본)
[2017.05.21-10.55.52:107][  0]LogTextLocalizationManager:Warning: Loaded localization resources contain conflicting entries for (Namespace:UObjectToolTips, Key:AnimNode_AssetPlayerBase:InternalTimeAccumulator):
Localization Resource: (C:/Program Files/Epic Games/UE_4.15/Engine/Content/Localization/EditorTutorials/ko/EditorTutorials.locres) Source String Hash: (502993589) Localized String: (이 노드에서 애셋을 레퍼런싱하는 데 사용되는 누적 시간입니다.)
Localization Resource: (C:/Program Files/Epic Games/UE_4.15/Engine/Content/Localization/ToolTips/ko/ToolTips.locres) Source String Hash: (502993589) Localized String: (내부 시간 누산기 - 이 노드에서 애셋을 레퍼런싱하는 데 사용된 누적 시간입니다.)
Localization Resource: (C:/Program Files/Epic Games/UE_4.15/Engine/Content/Localization/Engine/ko/Engine.locres) Source String Hash: (502993589) Localized String: (이 노드에서 애셋을 레퍼런싱하는 데 사용된 누적 시간입니다.)
[2017.05.21-10.55.52:107][  0]LogTextLocalizationManager:Warning: Loaded localization resources contain conflicting entries for (Namespace:UObjectToolTips, Key:AnimNode_AssetPlayerBase:bIgnoreForRelevancyTest):
Localization Resource: (C:/Program Files/Epic Games/UE_4.15/Engine/Content/Localization/EditorTutorials/ko/EditorTutorials.locres) Source String Hash: (319969718) Localized String: (True 면, 스테이트에서 최고 가중치 애니메이션을 찾는 "Relevant anim" 노드는 이 노드를 무시합니다.
 )
Localization Resource: (C:/Program Files/Epic Games/UE_4.15/Engine/Content/Localization/ToolTips/ko/ToolTips.locres) Source String Hash: (319969718) Localized String: (연관성 테스트에 무시 - true 인 경우 스테이트 내 최고 웨이팅된 애니메이션을 찾는 "Relevant anim" (연관 애님) 노드가
이 노드를 무시합니다.)
Localization Resource: (C:/Program Files/Epic Games/UE_4.15/Engine/Content/Localization/Engine/ko/Engine.locres) Source String Hash: (319969718) Localized String: (True 면 스테이트 내 최고 웨이팅된 애니메이션을 찾는 "Relevant anim" 노드가 무시됩니다.
 )
[2017.05.21-10.55.52:107][  0]LogTextLocalizationManager:Warning: Loaded localization resources contain conflicting entries for (Namespace:UObjectToolTips, Key:AnimNode_AssetPlayerBase:BlendWeight):
Localization Resource: (C:/Program Files/Epic Games/UE_4.15/Engine/Content/Localization/EditorTutorials/ko/EditorTutorials.locres) Source String Hash: (-1232800293) Localized String: (이 노드에 마지막 걸린 블렌드웨이트 입니다.)
Localization Resource: (C:/Program Files/Epic Games/UE_4.15/Engine/Content/Localization/ToolTips/ko/ToolTips.locres) Source String Hash: (-1232800293) Localized String: (블렌드 웨이트 - 이 노드에 대해 마지막으로 접한 블렌드 웨이트입니다.)
Localization Resource: (C:/Program Files/Epic Games/UE_4.15/Engine/Content/Localization/Engine/ko/Engine.locres) Source String Hash: (-1232800293) Localized String: (이 노드에 대해 마지막 접한 블렌드 웨이트)
[2017.05.21-10.55.52:107][  0]LogTextLocalizationManager:Warning: Loaded localization resources contain conflicting entries for (Namespace:UObjectToolTips, Key:AnimNode_BlendSpacePlayer:bLoop):
Localization Resource: (C:/Program Files/Epic Games/UE_4.15/Engine/Content/Localization/EditorTutorials/ko/EditorTutorials.locres) Source String Hash: (2133979316) Localized String: (애니메이션이 끝까지 재생되면 반복할까요?)
Localization Resource: (C:/Program Files/Epic Games/UE_4.15/Engine/Content/Localization/ToolTips/ko/ToolTips.locres) Source String Hash: (2133979316) Localized String: (루프 - 애니메이션이 끝에 도달했을 때 계속 반복할까요?)
[2017.05.21-10.55.52:107][  0]LogTextLocalizationManager:Warning: Loaded localization resources contain conflicting entries for (Namespace:UObjectToolTips, Key:AnimNode_StateMachine:bSkipFirstUpdateTransition):
Localization Resource: (C:/Program Files/Epic Games/UE_4.15/Engine/Content/Localization/EditorTutorials/ko/EditorTutorials.locres) Source String Hash: (1865475011) Localized String: (첫 업데이트시 도입 상태에서의 트랜지션을 건너뛸까요? 
기본은 true 로, 첫 업데이트시에는 트랜지션 데이터를 버립니다.)
Localization Resource: (C:/Program Files/Epic Games/UE_4.15/Engine/Content/Localization/ToolTips/ko/ToolTips.locres) Source String Hash: (1865475011) Localized String: (첫 번째 업데이트 트랜지션 건너뛰기 - 첫 번째 업데이트에서 입력 스테이트의 트랜지션을 건너뜁니까?
디폴트는 true 고 첫 번째 업데이트의 트랜지션 데이터를 버립니다.)
[2017.05.21-10.55.52:107][  0]LogTextLocalizationManager:Warning: Loaded localization resources contain conflicting entries for (Namespace:UObjectToolTips, Key:AnimNode_BlendSpacePlayer:X):
Localization Resource: (C:/Program Files/Epic Games/UE_4.15/Engine/Content/Localization/EditorTutorials/ko/EditorTutorials.locres) Source String Hash: (2060772590) Localized String: (블렌드스페이스에서 샘플링할 X 좌표입니다.)
Localization Resource: (C:/Program Files/Epic Games/UE_4.15/Engine/Content/Localization/ToolTips/ko/ToolTips.locres) Source String Hash: (2060772590) Localized String: (X - 블렌드스페이스 샘플의 X 좌표입니다.)
[2017.05.21-10.55.52:107][  0]LogTextLocalizationManager:Warning: Loaded localization resources contain conflicting entries for (Namespace:UObjectToolTips, Key:AnimNode_BlendSpacePlayer:Y):
Localization Resource: (C:/Program Files/Epic Games/UE_4.15/Engine/Content/Localization/EditorTutorials/ko/EditorTutorials.locres) Source String Hash: (-1719607538) Localized String: (블렌드스페이스에서 샘플링할 Y 좌표입니다.)
Localization Resource: (C:/Program Files/Epic Games/UE_4.15/Engine/Content/Localization/ToolTips/ko/ToolTips.locres) Source String Hash: (-1719607538) Localized String: (Y - 블렌드스페이스 샘플의 Y 좌표입니다.)
[2017.05.21-10.55.52:107][  0]LogTextLocalizationManager:Warning: Loaded localization resources contain conflicting entries for (Namespace:UObjectToolTips, Key:AnimNode_BlendSpacePlayer:Z):
Localization Resource: (C:/Program Files/Epic Games/UE_4.15/Engine/Content/Localization/EditorTutorials/ko/EditorTutorials.locres) Source String Hash: (1728943471) Localized String: (블렌드스페이스에서 샘플링할 Z 좌표입니다.)
Localization Resource: (C:/Program Files/Epic Games/UE_4.15/Engine/Content/Localization/ToolTips/ko/ToolTips.locres) Source String Hash: (1728943471) Localized String: (Z - 블렌드스페이스 샘플의 Z 좌표입니다.)
[2017.05.21-10.55.52:107][  0]LogTextLocalizationManager:Warning: Loaded localization resources contain conflicting entries for (Namespace:UObjectToolTips, Key:AnimNode_BlendSpacePlayer:BlendSpace):
Localization Resource: (C:/Program Files/Epic Games/UE_4.15/Engine/Content/Localization/EditorTutorials/ko/EditorTutorials.locres) Source String Hash: (1599043277) Localized String: (재생할 블렌드스페이스 애셋입니다.)
Localization Resource: (C:/Program Files/Epic Games/UE_4.15/Engine/Content/Localization/ToolTips/ko/ToolTips.locres) Source String Hash: (1599043277) Localized String: (블렌드스페이스 - 재생할 블렌드스페이스 애셋입니다.)
[2017.05.21-10.55.52:107][  0]LogTextLocalizationManager:Warning: Loaded localization resources contain conflicting entries for (Namespace:UObjectToolTips, Key:AnimNode_StateMachine:MaxTransitionsPerFrame):
Localization Resource: (C:/Program Files/Epic Games/UE_4.15/Engine/Content/Localization/EditorTutorials/ko/EditorTutorials.locres) Source String Hash: (1567650430) Localized String: (이 머신에서 한 프레임 내 '동시에' 취할 수 있는 트랜지션 최대 수입니다.)
Localization Resource: (C:/Program Files/Epic Games/UE_4.15/Engine/Content/Localization/ToolTips/ko/ToolTips.locres) Source String Hash: (1567650430) Localized String: (프레임 당 최대 트랜지션 - 한 프레임에서 이 머신이 동시에 취할 수 있는 트랜지션 최대 수입니다.)
[2017.05.21-10.55.52:107][  0]LogTextLocalizationManager:Warning: Loaded localization resources contain conflicting entries for (Namespace:UObjectToolTips, Key:AnimNode_BlendSpacePlayer:PlayRate):
Localization Resource: (C:/Program Files/Epic Games/UE_4.15/Engine/Content/Localization/EditorTutorials/ko/EditorTutorials.locres) Source String Hash: (-1274923958) Localized String: (재생 속도 배수입니다. 음수가 되면 애니메이션을 역순으로 재생하게 됩니다.)
Localization Resource: (C:/Program Files/Epic Games/UE_4.15/Engine/Content/Localization/ToolTips/ko/ToolTips.locres) Source String Hash: (-1274923958) Localized String: (재생 속도 - 재생 속도 배수입니다. 음수가 되면 애니메이션을 거꾸로 재생합니다.)
[2017.05.21-10.55.52:107][  0]LogTextLocalizationManager:Warning: Loaded localization resources contain conflicting entries for (Namespace:UObjectToolTips, Key:AnimNode_BlendSpacePlayer:StartPosition):
Localization Resource: (C:/Program Files/Epic Games/UE_4.15/Engine/Content/Localization/EditorTutorials/ko/EditorTutorials.locres) Source String Hash: (-207153555) Localized String: (시작 위치 범위는 [0,1] 이며, 재초기화시에만 적용됩니다.
루핑을 하면, 1 회전 후 0.f 부터 시작할 것입니다.)
Localization Resource: (C:/Program Files/Epic Games/UE_4.15/Engine/Content/Localization/ToolTips/ko/ToolTips.locres) Source String Hash: (-207153555) Localized String: (시작 위치 - [0, 1] 범위의 시작 위치로, 재초기화할 때만 적용됩니다.
반복하면 1회전 후 0.f 부터 시작됩니다.)
[2017.05.21-10.55.52:107][  0]LogTextLocalizationManager:Warning: Loaded localization resources contain conflicting entries for (Namespace:UObjectToolTips, Key:CameraFilmbackSettings:SensorWidth):
Localization Resource: (C:/Program Files/Epic Games/UE_4.15/Engine/Content/Localization/ToolTips/ko/ToolTips.locres) Source String Hash: (-1448580153) Localized String: (센서 폭 - 필름백 또는 디지털 센서의 가로 크기로, mm 단위입니다.)
Localization Resource: (C:/Program Files/Epic Games/UE_4.15/Engine/Content/Localization/Engine/ko/Engine.locres) Source String Hash: (-1448580153) Localized String: (필름백 또는 디지털 센서의 가로 크기로, mm 단위입니다.)
[2017.05.21-10.55.52:107][  0]LogTextLocalizationManager:Warning: Loaded localization resources contain conflicting entries for (Namespace:UObjectToolTips, Key:CameraFilmbackSettings:SensorAspectRatio):
Localization Resource: (C:/Program Files/Epic Games/UE_4.15/Engine/Content/Localization/ToolTips/ko/ToolTips.locres) Source String Hash: (-194807515) Localized String: (센서 종횡비 - 읽기 전용입니다. 센서 치수에서 계산했습니다.)
Localization Resource: (C:/Program Files/Epic Games/UE_4.15/Engine/Content/Localization/Engine/ko/Engine.locres) Source String Hash: (-194807515) Localized String: (읽기 전용입니다. 센서 크기에서 계산했습니다.)
[2017.05.21-10.55.52:107][  0]LogTextLocalizationManager:Warning: Loaded localization resources contain conflicting entries for (Namespace:UObjectToolTips, Key:AnimNode_SequencePlayer:bLoopAnimation):
Localization Resource: (C:/Program Files/Epic Games/UE_4.15/Engine/Content/Localization/ToolTips/ko/ToolTips.locres) Source String Hash: (2133979316) Localized String: (루프 - 애니메이션이 끝에 도달했을 때 계속 반복시켜야 할까요?)
Localization Resource: (C:/Program Files/Epic Games/UE_4.15/Engine/Content/Localization/Engine/ko/Engine.locres) Source String Hash: (2133979316) Localized String: (애니메이션이 끝에 도달하면 계속해서 루핑시킬것인지 입니다.)
[2017.05.21-10.55.52:107][  0]LogTextLocalizationManager:Warning: Loaded localization resources contain conflicting entries for (Namespace:UObjectToolTips, Key:AnimNode_SequencePlayer:Sequence):
Localization Resource: (C:/Program Files/Epic Games/UE_4.15/Engine/Content/Localization/ToolTips/ko/ToolTips.locres) Source String Hash: (421436424) Localized String: (시퀀스 - 재생할 애니메이션 시퀀스 애셋입니다.)
Localization Resource: (C:/Program Files/Epic Games/UE_4.15/Engine/Content/Localization/Engine/ko/Engine.locres) Source String Hash: (421436424) Localized String: (재생할 애니메이션 시퀀스 애셋입니다.)
[2017.05.21-10.55.52:107][  0]LogTextLocalizationManager:Warning: Loaded localization resources contain conflicting entries for (Namespace:UObjectToolTips, Key:AnimNode_SequencePlayer:PlayRate):
Localization Resource: (C:/Program Files/Epic Games/UE_4.15/Engine/Content/Localization/ToolTips/ko/ToolTips.locres) Source String Hash: (-1274923958) Localized String: (재생 속도 - 재생 속도 배수입니다. 음수가 될 수 있으며, 그러면 애니메이션이 거꾸로 재생됩니다.)
Localization Resource: (C:/Program Files/Epic Games/UE_4.15/Engine/Content/Localization/Engine/ko/Engine.locres) Source String Hash: (-1274923958) Localized String: (플레이 속도 배수입니다. 음수가 되면 애니메이션이 역방향으로 재생됩니다.)
[2017.05.21-10.55.52:107][  0]LogTextLocalizationManager:Warning: Loaded localization resources contain conflicting entries for (Namespace:UObjectToolTips, Key:AnimNode_SequencePlayer:StartPosition):
Localization Resource: (C:/Program Files/Epic Games/UE_4.15/Engine/Content/Localization/ToolTips/ko/ToolTips.locres) Source String Hash: (771611000) Localized String: (시작 위치 - 시작 위치로 재초기화할 때만 적용됩니다.
반복하면, 1회전 후 0.f 부터 시작됩니다.)
Localization Resource: (C:/Program Files/Epic Games/UE_4.15/Engine/Content/Localization/Engine/ko/Engine.locres) Source String Hash: (771611000) Localized String: (시작 위치로, 재초기화시에만 적용됩니다.
루핑을 하면, 1회전 후 0.f 부터 시작할 것입니다.)
[2017.05.21-10.55.52:107][  0]LogTextLocalizationManager:Warning: Loaded localization resources contain conflicting entries for (Namespace:UObjectToolTips, Key:CameraFilmbackSettings:SensorHeight):
Localization Resource: (C:/Program Files/Epic Games/UE_4.15/Engine/Content/Localization/ToolTips/ko/ToolTips.locres) Source String Hash: (-1311569777) Localized String: (센서 높이 - 필름백 또는 디지털 센서의 세로 크기로, mm 단위입니다.)
Localization Resource: (C:/Program Files/Epic Games/UE_4.15/Engine/Content/Localization/Engine/ko/Engine.locres) Source String Hash: (-1311569777) Localized String: (필름백 또는 디지털 센서의 세로 크기로, mm 단위입니다.)
[2017.05.21-10.55.52:213][  0]LogD3D11RHI: D3D11 adapters:
[2017.05.21-10.55.52:722][  0]LogD3D11RHI:    0. 'NVIDIA GeForce GTX 1060 6GB' (Feature Level 11_0)
[2017.05.21-10.55.52:722][  0]LogD3D11RHI:       6084/0/6103 MB DedicatedVideo/DedicatedSystem/SharedSystem, Outputs:1, VendorId:0x10de
[2017.05.21-10.55.52:723][  0]LogD3D11RHI:    1. 'Microsoft Basic Render Driver' (Feature Level 11_0)
[2017.05.21-10.55.52:723][  0]LogD3D11RHI:       0/0/6103 MB DedicatedVideo/DedicatedSystem/SharedSystem, Outputs:0, VendorId:0x1414
[2017.05.21-10.55.52:723][  0]LogD3D11RHI: Chosen D3D11 Adapter: 0
[2017.05.21-10.55.52:728][  0]LogD3D11RHI: Creating new Direct3DDevice
[2017.05.21-10.55.52:728][  0]LogD3D11RHI:     GPU DeviceId: 0x1c03 (for the marketing name, search the web for "GPU Device Id")
[2017.05.21-10.55.52:728][  0]LogWindows: EnumDisplayDevices:
[2017.05.21-10.55.52:728][  0]LogWindows:    0. 'NVIDIA GeForce GTX 1060 6GB' (P:1 D:1)
[2017.05.21-10.55.52:728][  0]LogWindows:    1. 'NVIDIA GeForce GTX 1060 6GB' (P:0 D:0)
[2017.05.21-10.55.52:728][  0]LogWindows:    2. 'NVIDIA GeForce GTX 1060 6GB' (P:0 D:0)
[2017.05.21-10.55.52:728][  0]LogWindows:    3. 'NVIDIA GeForce GTX 1060 6GB' (P:0 D:0)
[2017.05.21-10.55.52:729][  0]LogWindows: DebugString: FoundDriverCount:4 
[2017.05.21-10.55.52:729][  0]LogD3D11RHI:     Adapter Name: NVIDIA GeForce GTX 1060 6GB
[2017.05.21-10.55.52:729][  0]LogD3D11RHI:   Driver Version: 381.89 (internal:22.21.13.8189, unified:381.89)
[2017.05.21-10.55.52:729][  0]LogD3D11RHI:      Driver Date: 4-19-2017
[2017.05.21-10.55.52:729][  0]LogRHI: Texture pool is 1361 MB (70% of 1945 MB)
[2017.05.21-10.55.53:213][  0]LogD3D11RHI: [Aftermath] Aftermath enabled and primed
[2017.05.21-10.55.53:213][  0]LogD3D11RHI: Async texture creation enabled
[2017.05.21-10.55.53:242][  0]LogD3D11RHI: GPU Timing Frequency: 1000.000000 (Debug: 2 1)
[2017.05.21-10.55.53:291][  0]LogShaderCompilers: Guid format shader working directory is -24 characters bigger than the processId version (../../../../../../Users/user/Desktop/Unreal Engine 4 Project/Practice/Intermediate/Shaders/WorkingDirectory/3144/).
[2017.05.21-10.55.53:291][  0]LogShaderCompilers: Cleaned the shader compiler working directory 'C:/Users/user/AppData/Local/Temp/UnrealShaderWorkingDir/BCEC24FA4563B6CF36D8DEBEFF6F8E90/'.
[2017.05.21-10.55.53:291][  0]LogShaderCompilers:Display: Using Local Shader Compiler.
[2017.05.21-10.55.54:205][  0]LogTemp:Display: Loaded TP WindowsClientTargetPlatform
[2017.05.21-10.55.54:251][  0]LogTemp:Display: Loaded TP WindowsNoEditorTargetPlatform
[2017.05.21-10.55.54:296][  0]LogTemp:Display: Loaded TP WindowsServerTargetPlatform
[2017.05.21-10.55.54:334][  0]LogTemp:Display: Loaded TP WindowsTargetPlatform
[2017.05.21-10.55.54:334][  0]LogTargetPlatformManager:Display: Building Assets For Windows
[2017.05.21-10.55.54:694][  0]LogDerivedDataCache:Display: Max Cache Size: 512 MB
[2017.05.21-10.55.54:743][  0]LogDerivedDataCache: Loaded boot cache 0.05s 51MB C:/Users/user/AppData/Local/UnrealEngine/4.15/DerivedDataCache/Boot.ddc.
[2017.05.21-10.55.54:743][  0]LogDerivedDataCache:Display: Loaded Boot cache: C:/Users/user/AppData/Local/UnrealEngine/4.15/DerivedDataCache/Boot.ddc
[2017.05.21-10.55.54:743][  0]LogDerivedDataCache: FDerivedDataBackendGraph:  Pak pak cache file ../../../../../../Users/user/Desktop/Unreal Engine 4 Project/Practice/DerivedDataCache/DDC.ddp not found, will not use a pak cache.
[2017.05.21-10.55.54:743][  0]LogDerivedDataCache: Unable to find inner node Pak for hierarchical cache Hierarchy.
[2017.05.21-10.55.54:743][  0]LogDerivedDataCache: FDerivedDataBackendGraph:  CompressedPak pak cache file ../../../../../../Users/user/Desktop/Unreal Engine 4 Project/Practice/DerivedDataCache/Compressed.ddp not found, will not use a pak cache.
[2017.05.21-10.55.54:743][  0]LogDerivedDataCache: Unable to find inner node CompressedPak for hierarchical cache Hierarchy.
[2017.05.21-10.55.54:758][  0]LogDerivedDataCache:Display: Pak cache opened for reading ../../../Engine/DerivedDataCache/Compressed.ddp.
[2017.05.21-10.55.54:770][  0]LogDerivedDataCache: Using Local data cache path C:/Users/user/AppData/Local/UnrealEngine/Common/DerivedDataCache: Writable
[2017.05.21-10.55.54:778][  0]LogSlate: Using Freetype 2.6.0
[2017.05.21-10.55.54:778][  0]LogSlate: SlateFontCache - WITH_FREETYPE: 1, WITH_HARFBUZZ: 1
[2017.05.21-10.55.54:778][  0]LogSlate: SlateFontCache - WITH_FREETYPE: 1, WITH_HARFBUZZ: 1
[2017.05.21-10.55.54:998][  0]LogAssetRegistry: FAssetRegistry took 0.0001 seconds to start up
[2017.05.21-10.55.55:004][  0]LogPackageLocalizationCache: Processed 3 localized package path(s) for 2 prioritized culture(s) in 0.005965 seconds
[2017.05.21-10.55.55:018][  0]LogInit: Selected Device Profile: [Windows]
[2017.05.21-10.55.55:020][  0]LogContentStreaming: Texture pool size is 1000.00 MB
[2017.05.21-10.55.55:193][  0]LogMeshUtilities: Using QuadricMeshReduction for automatic static mesh reduction
[2017.05.21-10.55.55:228][  0]LogSimplygon: Simplygon DLL not present - disabling.
[2017.05.21-10.55.55:267][  0]LogMeshUtilities: Using SimplygonSwarm for distributed automatic mesh merging
[2017.05.21-10.55.55:267][  0]LogMeshUtilities: No automatic skeletal mesh reduction module available
[2017.05.21-10.55.55:267][  0]LogMeshUtilities: No automatic mesh merging module available
[2017.05.21-10.55.55:671][  0]LogNetVersion: GetLocalNetworkVersion: CL: 3299760, ProjectName: practice, ProjectVersion: , EngineNetworkVersion: 2, GameNetworkVersion: 0, NetworkChecksum: 264392275
[2017.05.21-10.55.55:722][  0]LogInit: WinSock: version 1.1 (2.2), MaxSocks=32767, MaxUdp=65467
[2017.05.21-10.55.56:371][  0]LogMoviePlayer: Initializing movie player
[2017.05.21-10.55.56:439][  0]LogWindowsTextInputMethodSystem:Display: IME system now activated using TSF (Microsoft 입력기).
[2017.05.21-10.55.56:662][  0]LogTcpMessaging: Initializing TcpMessaging bridge
[2017.05.21-10.55.56:697][  0]LogUdpMessaging: Initializing bridge on interface 0.0.0.0:0 to multicast group 230.0.0.1:6666.
[2017.05.21-10.55.56:945][  0]SourceControl: 정보 소스 콘트롤이 꺼졌습니다.
[2017.05.21-10.55.56:945][  0]SourceControl: 정보 소스 콘트롤이 꺼졌습니다.
[2017.05.21-10.55.56:984][  0]SourceControl: 정보 소스 콘트롤이 꺼졌습니다.
[2017.05.21-10.55.57:524][  0]LogUObjectArray: 34408 objects as part of root set at end of initial load.
[2017.05.21-10.55.57:524][  0]LogUObjectAllocator: 7639320 out of 0 bytes used by permanent object pool.
[2017.05.21-10.55.57:524][  0]LogUObjectArray: CloseDisregardForGC: 0/0 objects in disregard for GC pool
[2017.05.21-10.55.57:610][  0]LogEngine: Initializing Engine...
[2017.05.21-10.55.57:610][  0]LogHMD: Failed to initialize OpenVR with code 110
[2017.05.21-10.55.57:699][  0]LogStats: UGameplayTagsManager::ConstructGameplayTagTree: Construct from data asset -  0.000 s
[2017.05.21-10.55.57:699][  0]LogStats: UGameplayTagsManager::ConstructGameplayTagTree: GameplayTagTreeChangedEvent.Broadcast -  0.000 s
[2017.05.21-10.55.57:704][  0]LogInit: XAudio2 using '스피커(Realtek High Definition Audio)' : 2 channels at 44.1 kHz using 32 bits per sample (channel mask 0x3)
[2017.05.21-10.55.57:736][  0]LogInit: FAudioDevice initialized.
[2017.05.21-10.55.57:754][  0]LogInit: Texture streaming: Enabled
[2017.05.21-10.55.57:764][  0]LogMaterial: Uniform references updated for custom material expression Custom.
[2017.05.21-10.55.58:030][  0]LogInit:Display: Game Engine Initialized.
[2017.05.21-10.55.58:181][  0]LogInit:Display: Starting Game.
[2017.05.21-10.55.58:181][  0]LogNet: Browse: /Temp/Autosaves/Game/StarterContent/Maps/UEDPCMinimal_Default?Name=Player
[2017.05.21-10.55.58:181][  0]LogLoad: LoadMap: /Temp/Autosaves/Game/StarterContent/Maps/UEDPCMinimal_Default?Name=Player
[2017.05.21-10.55.58:194][  0]LogMemory: Platform Memory Stats for Windows
[2017.05.21-10.55.58:194][  0]LogMemory: Process Physical Memory: 653.79 MB used, 681.59 MB peak
[2017.05.21-10.55.58:194][  0]LogMemory: Process Virtual Memory: 721.35 MB used, 721.37 MB peak
[2017.05.21-10.55.58:194][  0]LogMemory: Physical Memory: 6540.17 MB used,  5666.89 MB free, 12207.07 MB total
[2017.05.21-10.55.58:194][  0]LogMemory: Virtual Memory: 1374.59 MB used,  5666.89 MB free, 134217728.00 MB total
[2017.05.21-10.55.58:194][  0]LogMemory: 
[2017.05.21-10.55.58:194][  0]Allocator Stats for TBB: (not implemented)
[2017.05.21-10.55.58:713][  0]LogAIModule: Creating AISystem for world Minimal_Default
[2017.05.21-10.55.58:713][  0]LogLoad: Game class is 'GameModeBase'
[2017.05.21-10.55.58:714][  0]LogPhysics:Warning: Initialising Body : Scale3D is (nearly) zero: Component: Plate.StaticMeshComponent0 Cube 
[2017.05.21-10.55.58:716][  0]LogWorld: Bringing World /Temp/Autosaves/Game/StarterContent/Maps/UEDPCMinimal_Default.Minimal_Default up for play (max tick rate 0) at 2017.05.21-19.55.58
[2017.05.21-10.55.58:716][  0]LogWorld: Bringing up level for play took: 0.002371
[2017.05.21-10.55.58:720][  0]LogLoad: Took 0.538636 seconds to LoadMap(/Temp/Autosaves/Game/StarterContent/Maps/UEDPCMinimal_Default)
[2017.05.21-10.55.58:886][  0]LogRenderer: Reallocating scene render targets to support 1280x720 NumSamples 1 (Frame:2).
[2017.05.21-10.55.58:886][  0]LogLoad: (Engine Initialization) Total time: 8.58 seconds
[2017.05.21-10.55.58:886][  0]LogLoad: (Engine Initialization) Total Blueprint compile time: 0.25 seconds
[2017.05.21-10.55.58:886][  0]LogExternalProfiler: Found external profiler: VSPerf
[2017.05.21-10.55.58:886][  0]LogExternalProfiler: Using external profiler: VSPerf
[2017.05.21-10.55.58:904][  0]LogOcInput: OculusInput pre-init called
[2017.05.21-10.55.59:998][ 66]LogBlueprintUserMessages: [Player] a
[2017.05.21-10.55.59:998][ 66]LogBlueprintUserMessages: [Option_Widget_C_0] Hello
[2017.05.21-10.56.02:563][225]LogBlueprintUserMessages: [Option_Widget_C_0] Hello
[2017.05.21-10.56.05:192][388]LogBlueprintUserMessages: [Player] a
[2017.05.21-10.56.05:192][388]LogBlueprintUserMessages: [Option_Widget_C_0] Hello
[2017.05.21-10.56.07:289][518]LogBlueprintUserMessages: [Option_Widget_C_0] Hello
[2017.05.21-10.56.09:141][628]LogWindowsTextInputMethodSystem:Display: IME system now activated using TSF (Microsoft 입력기).
[2017.05.21-10.56.09:144][628]LogWindowsTextInputMethodSystem:Display: IME system now activated using TSF (Microsoft 입력기).
[2017.05.21-10.56.09:147][628]LogEngine: All Windows Closed
[2017.05.21-10.56.09:147][628]LogWindows: FPlatformMisc::RequestExit(0)
[2017.05.21-10.56.09:148][629]LogMoviePlayer: Shutting down movie player
[2017.05.21-10.56.09:616][629]LogExit: Preparing to exit.
[2017.05.21-10.56.10:835][629]LogExit: Game engine shut down
[2017.05.21-10.56.10:896][629]LogObj: Freed 0b from 0 cluster array pools.
[2017.05.21-10.56.10:896][629]LogExit: Object subsystem successfully closed.
[2017.05.21-10.56.10:916][629]LogD3D11RHI: Shutdown
[2017.05.21-10.56.10:916][629]LogD3D11RHI: CleanupD3DDevice
[2017.05.21-10.56.10:952][629]LogD3D11RHI: ~FD3D11DynamicRHI
[2017.05.21-10.56.10:958][629]LogModuleManager: Shutting down and abandoning module SequenceRecorderSections (264)
[2017.05.21-10.56.10:959][629]LogModuleManager: Shutting down and abandoning module SequenceRecorder (262)
[2017.05.21-10.56.10:959][629]LogModuleManager: Shutting down and abandoning module AutomationController (260)
[2017.05.21-10.56.10:959][629]LogModuleManager: Shutting down and abandoning module AutomationWorker (258)
[2017.05.21-10.56.10:959][629]LogModuleManager: Shutting down and abandoning module AIModule (256)
[2017.05.21-10.56.10:959][629]LogModuleManager: Shutting down and abandoning module GameplayDebugger (255)
[2017.05.21-10.56.10:959][629]LogModuleManager: Shutting down and abandoning module AITestSuite (253)
[2017.05.21-10.56.10:959][629]LogModuleManager: Shutting down and abandoning module WmfMediaFactory (250)
[2017.05.21-10.56.10:959][629]LogModuleManager: Shutting down and abandoning module MfMediaFactory (248)
[2017.05.21-10.56.10:959][629]LogModuleManager: Shutting down and abandoning module AvfMediaFactory (246)
[2017.05.21-10.56.10:959][629]LogModuleManager: Shutting down and abandoning module AndroidMediaFactory (244)
[2017.05.21-10.56.10:959][629]LogModuleManager: Shutting down and abandoning module Media (243)
[2017.05.21-10.56.10:959][629]LogModuleManager: Shutting down and abandoning module CharacterAI (240)
[2017.05.21-10.56.10:959][629]LogModuleManager: Shutting down and abandoning module SessionServices (238)
[2017.05.21-10.56.10:959][629]LogModuleManager: Shutting down and abandoning module MovieSceneCapture (236)
[2017.05.21-10.56.10:959][629]LogModuleManager: Shutting down and abandoning module GeometryCache (234)
[2017.05.21-10.56.10:959][629]LogModuleManager: Shutting down and abandoning module GeometryCacheEd (233)
[2017.05.21-10.56.10:959][629]LogModuleManager: Shutting down and abandoning module Niagara (230)
[2017.05.21-10.56.10:959][629]LogModuleManager: Shutting down and abandoning module StreamingPauseRendering (228)
[2017.05.21-10.56.10:959][629]LogModuleManager: Shutting down and abandoning module PortalServices (226)
[2017.05.21-10.56.10:959][629]LogModuleManager: Shutting down and abandoning module PortalRpc (224)
[2017.05.21-10.56.10:959][629]LogModuleManager: Shutting down and abandoning module MessagingRpc (222)
[2017.05.21-10.56.10:959][629]LogModuleManager: Shutting down and abandoning module ProfilerService (220)
[2017.05.21-10.56.11:095][629]LogModuleManager: Shutting down and abandoning module TaskGraph (218)
[2017.05.21-10.56.11:095][629]LogModuleManager: Shutting down and abandoning module SteamVRController (216)
[2017.05.21-10.56.11:095][629]LogModuleManager: Shutting down and abandoning module SteamVR (214)
[2017.05.21-10.56.11:095][629]LogModuleManager: Shutting down and abandoning module ProceduralMeshComponent (212)
[2017.05.21-10.56.11:095][629]LogModuleManager: Shutting down and abandoning module OculusLibrary (210)
[2017.05.21-10.56.11:095][629]LogModuleManager: Shutting down and abandoning module OculusInput (208)
[2017.05.21-10.56.11:095][629]LogModuleManager: Shutting down and abandoning module MobilePatchingUtils (206)
[2017.05.21-10.56.11:095][629]LogModuleManager: Shutting down and abandoning module CustomMeshComponent (204)
[2017.05.21-10.56.11:095][629]LogModuleManager: Shutting down and abandoning module CableComponent (202)
[2017.05.21-10.56.11:095][629]LogModuleManager: Shutting down and abandoning module ArchVisCharacter (200)
[2017.05.21-10.56.11:095][629]LogModuleManager: Shutting down and abandoning module HTML5Networking (196)
[2017.05.21-10.56.11:095][629]LogModuleManager: Shutting down and abandoning module VisualStudioSourceCodeAccess (194)
[2017.05.21-10.56.11:095][629]LogModuleManager: Shutting down and abandoning module DesktopPlatform (193)
[2017.05.21-10.56.11:095][629]LogModuleManager: Shutting down and abandoning module HotReload (191)
[2017.05.21-10.56.11:096][629]LogModuleManager: Shutting down and abandoning module DirectoryWatcher (190)
[2017.05.21-10.56.11:096][629]LogModuleManager: Shutting down and abandoning module UObjectPlugin (186)
[2017.05.21-10.56.11:096][629]LogModuleManager: Shutting down and abandoning module SubversionSourceControl (184)
[2017.05.21-10.56.11:096][629]LogModuleManager: Shutting down and abandoning module PerforceSourceControl (182)
[2017.05.21-10.56.11:096][629]LogModuleManager: Shutting down and abandoning module SourceControl (181)
[2017.05.21-10.56.11:096][629]LogModuleManager: Shutting down and abandoning module PhysXVehiclesEditor (178)
[2017.05.21-10.56.11:096][629]LogModuleManager: Shutting down and abandoning module PhysXVehicles (176)
[2017.05.21-10.56.11:096][629]LogModuleManager: Shutting down and abandoning module LocationServicesBPLibrary (174)
[2017.05.21-10.56.11:096][629]LogModuleManager: Shutting down and abandoning module UdpMessaging (172)
[2017.05.21-10.56.11:196][629]LogModuleManager: Shutting down and abandoning module TcpMessaging (170)
[2017.05.21-10.56.11:667][629]LogModuleManager: Shutting down and abandoning module GameplayTagsEditor (168)
[2017.05.21-10.56.11:667][629]LogModuleManager: Shutting down and abandoning module FacialAnimation (166)
[2017.05.21-10.56.11:667][629]LogModuleManager: Shutting down and abandoning module LightPropagationVolumeRuntime (164)
[2017.05.21-10.56.11:667][629]LogModuleManager: Shutting down and abandoning module Paper2D (162)
[2017.05.21-10.56.11:667][629]LogModuleManager: Shutting down and abandoning module WindowsMoviePlayer (160)
[2017.05.21-10.56.11:668][629]LogModuleManager: Shutting down and abandoning module WmfMedia (158)
[2017.05.21-10.56.11:668][629]LogModuleManager: Shutting down and abandoning module MfMedia (156)
[2017.05.21-10.56.11:668][629]LogModuleManager: Shutting down and abandoning module MediaAssets (154)
[2017.05.21-10.56.11:668][629]LogModuleManager: Shutting down and abandoning module GameLiveStreaming (152)
[2017.05.21-10.56.11:668][629]LogModuleManager: Shutting down and abandoning module VREditor (150)
[2017.05.21-10.56.11:668][629]LogModuleManager: Shutting down and abandoning module GameplayTasksEditor (148)
[2017.05.21-10.56.11:668][629]LogModuleManager: Shutting down and abandoning module BehaviorTreeEditor (146)
[2017.05.21-10.56.11:668][629]LogModuleManager: Shutting down and abandoning module FunctionalTesting (144)
[2017.05.21-10.56.11:668][629]LogModuleManager: Shutting down and abandoning module CollisionAnalyzer (142)
[2017.05.21-10.56.11:668][629]LogModuleManager: Shutting down and abandoning module UMG (140)
[2017.05.21-10.56.11:668][629]LogModuleManager: Shutting down and abandoning module UMGEditor (139)
[2017.05.21-10.56.11:668][629]LogModuleManager: Shutting down and abandoning module Sequencer (138)
[2017.05.21-10.56.11:668][629]LogModuleManager: Shutting down and abandoning module AssetTools (136)
[2017.05.21-10.56.11:668][629]LogModuleManager: Shutting down and abandoning module MessageLog (135)
[2017.05.21-10.56.11:668][629]LogModuleManager: Shutting down and abandoning module WorkspaceMenuStructure (134)
[2017.05.21-10.56.11:668][629]LogModuleManager: Shutting down and abandoning module SlateReflector (128)
[2017.05.21-10.56.11:668][629]LogModuleManager: Shutting down and abandoning module Slate (126)
[2017.05.21-10.56.11:668][629]LogModuleManager: Shutting down and abandoning module EditorStyle (124)
[2017.05.21-10.56.11:669][629]LogModuleManager: Shutting down and abandoning module Messaging (122)
[2017.05.21-10.56.11:669][629]LogModuleManager: Shutting down and abandoning module SourceCodeAccess (120)
[2017.05.21-10.56.11:669][629]LogModuleManager: Shutting down and abandoning module HeadMountedDisplay (118)
[2017.05.21-10.56.11:669][629]LogModuleManager: Shutting down and abandoning module XAudio2 (116)
[2017.05.21-10.56.11:669][629]LogModuleManager: Shutting down and abandoning module Networking (114)
[2017.05.21-10.56.11:669][629]LogModuleManager: Shutting down and abandoning module Core (110)
[2017.05.21-10.56.11:669][629]LogModuleManager: Shutting down and abandoning module KismetCompiler (108)
[2017.05.21-10.56.11:669][629]LogModuleManager: Shutting down and abandoning module PhysXFormats (106)
[2017.05.21-10.56.11:669][629]LogModuleManager: Shutting down and abandoning module MeshUtilities (104)
[2017.05.21-10.56.11:669][629]LogModuleManager: Shutting down and abandoning module SimplygonSwarm (103)
[2017.05.21-10.56.11:669][629]LogModuleManager: Shutting down and abandoning module SimplygonMeshReduction (101)
[2017.05.21-10.56.11:669][629]LogModuleManager: Shutting down and abandoning module QuadricMeshReduction (99)
[2017.05.21-10.56.11:669][629]LogModuleManager: Shutting down and abandoning module PropertyEditor (97)
[2017.05.21-10.56.11:669][629]LogModuleManager: Shutting down and abandoning module AssetRegistry (94)
[2017.05.21-10.56.11:669][629]LogModuleManager: Shutting down and abandoning module DerivedDataCache (92)
[2017.05.21-10.56.11:771][629]LogDerivedDataCache: Shutdown
[2017.05.21-10.56.11:771][629]LogModuleManager: Shutting down and abandoning module TargetPlatform (90)
[2017.05.21-10.56.11:771][629]LogModuleManager: Shutting down and abandoning module VulkanShaderFormat (89)
[2017.05.21-10.56.11:771][629]LogModuleManager: Shutting down and abandoning module ShaderFormatOpenGL (87)
[2017.05.21-10.56.11:771][629]LogModuleManager: Shutting down and abandoning module ShaderFormatD3D (85)
[2017.05.21-10.56.11:771][629]LogModuleManager: Shutting down and abandoning module MetalShaderFormat (83)
[2017.05.21-10.56.11:771][629]LogModuleManager: Shutting down and abandoning module TextureFormatUncompressed (81)
[2017.05.21-10.56.11:771][629]LogModuleManager: Shutting down and abandoning module TextureFormatPVR (79)
[2017.05.21-10.56.11:771][629]LogModuleManager: Shutting down and abandoning module TextureFormatDXT (77)
[2017.05.21-10.56.11:771][629]LogModuleManager: Shutting down and abandoning module TextureFormatIntelISPCTexComp (75)
[2017.05.21-10.56.11:771][629]LogModuleManager: Shutting down and abandoning module TextureFormatASTC (73)
[2017.05.21-10.56.11:771][629]LogModuleManager: Shutting down and abandoning module ImageWrapper (72)
[2017.05.21-10.56.11:771][629]LogModuleManager: Shutting down and abandoning module TextureFormatAndroid (69)
[2017.05.21-10.56.11:771][629]LogModuleManager: Shutting down and abandoning module AudioFormatOpus (67)
[2017.05.21-10.56.11:771][629]LogModuleManager: Shutting down and abandoning module AudioFormatOgg (65)
[2017.05.21-10.56.11:771][629]LogModuleManager: Shutting down and abandoning module AudioFormatADPCM (63)
[2017.05.21-10.56.11:771][629]LogModuleManager: Shutting down and abandoning module WindowsTargetPlatform (61)
[2017.05.21-10.56.11:771][629]LogModuleManager: Shutting down and abandoning module WindowsServerTargetPlatform (59)
[2017.05.21-10.56.11:771][629]LogModuleManager: Shutting down and abandoning module WindowsNoEditorTargetPlatform (57)
[2017.05.21-10.56.11:771][629]LogModuleManager: Shutting down and abandoning module WindowsClientTargetPlatform (55)
[2017.05.21-10.56.11:771][629]LogModuleManager: Shutting down and abandoning module InputCore (52)
[2017.05.21-10.56.11:771][629]LogModuleManager: Shutting down and abandoning module Settings (50)
[2017.05.21-10.56.11:771][629]LogModuleManager: Shutting down and abandoning module OculusRift (48)
[2017.05.21-10.56.11:771][629]LogModuleManager: Shutting down and abandoning module GearVR (46)
[2017.05.21-10.56.11:771][629]LogModuleManager: Shutting down and abandoning module ExampleDeviceProfileSelector (44)
[2017.05.21-10.56.11:771][629]LogModuleManager: Shutting down and abandoning module OnlineBlueprintSupport (42)
[2017.05.21-10.56.11:771][629]LogModuleManager: Shutting down and abandoning module OnlineSubsystem (38)
[2017.05.21-10.56.11:771][629]LogOnline:Display: Unloading online subsystem: NULL
[2017.05.21-10.56.11:771][629]LogModuleManager: Shutting down and abandoning module XMPP (37)
[2017.05.21-10.56.11:771][629]LogModuleManager: Shutting down and abandoning module HTTP (35)
[2017.05.21-10.56.11:775][629]LogModuleManager: Shutting down and abandoning module SSL (34)
[2017.05.21-10.56.11:776][629]LogModuleManager: Shutting down and abandoning module AudioEditor (30)
[2017.05.21-10.56.11:776][629]LogModuleManager: Shutting down and abandoning module TextureCompressor (28)
[2017.05.21-10.56.11:776][629]LogModuleManager: Shutting down and abandoning module ShaderCore (26)
[2017.05.21-10.56.11:776][629]LogModuleManager: Shutting down and abandoning module Landscape (24)
[2017.05.21-10.56.11:776][629]LogModuleManager: Shutting down and abandoning module SlateRHIRenderer (22)
[2017.05.21-10.56.11:776][629]LogModuleManager: Shutting down and abandoning module OpenGLDrv (20)
[2017.05.21-10.56.11:776][629]LogModuleManager: Shutting down and abandoning module D3D11RHI (18)
[2017.05.21-10.56.11:776][629]LogModuleManager: Shutting down and abandoning module AnimGraphRuntime (16)
[2017.05.21-10.56.11:776][629]LogModuleManager: Shutting down and abandoning module Renderer (14)
[2017.05.21-10.56.11:776][629]LogModuleManager: Shutting down and abandoning module Engine (12)
[2017.05.21-10.56.11:776][629]LogModuleManager: Shutting down and abandoning module CoreUObject (10)
[2017.05.21-10.56.11:776][629]LogModuleManager: Shutting down and abandoning module NetworkFile (8)
[2017.05.21-10.56.11:776][629]LogModuleManager: Shutting down and abandoning module StreamingFile (6)
[2017.05.21-10.56.11:776][629]LogModuleManager: Shutting down and abandoning module SandboxFile (4)
[2017.05.21-10.56.11:776][629]LogModuleManager: Shutting down and abandoning module PakFile (2)
[2017.05.21-10.56.11:777][629]LogExit: Exiting.
[2017.05.21-10.56.11:779][629]Log file closed, 05/21/17 19:56:11
