Log file open, 08/31/17 23:20:18
LogInit:Display: Running engine for game: Practice
LogPlatformFile: Not using cached read wrapper
LogInit:Display: RandInit(1539448830) SRandInit(1539448830).
LogTaskGraph: Started task graph with 5 named threads and 8 total threads with 1 sets of task threads.
LogStats: Stats thread started at 0.086521
LogInit: Using libcurl 7.47.1
LogInit:  - built for x86_64-pc-win32
LogInit:  - supports SSL with OpenSSL/1.0.2g
LogInit:  - supports HTTP deflate (compression) using libz 1.2.8
LogInit:  - other features:
LogInit:      CURL_VERSION_SSL
LogInit:      CURL_VERSION_LIBZ
LogInit:      CURL_VERSION_IPV6
LogInit:      CURL_VERSION_ASYNCHDNS
LogInit:      CURL_VERSION_LARGEFILE
LogInit:      CURL_VERSION_IDN
LogInit:  CurlRequestOptions (configurable via config and command line):
LogInit:  - bVerifyPeer = false  - Libcurl will NOT verify peer certificate
LogInit:  - bUseHttpProxy = false  - Libcurl will NOT use HTTP proxy
LogInit:  - bDontReuseConnections = false  - Libcurl will reuse connections
LogInit:  - CertBundlePath = nullptr  - Libcurl will use whatever was configured at build time.
LogInit: Build: ++UE4+Release-4.16-CL-3561208
LogInit: Engine Version: 4.16.3-3561208+++UE4+Release-4.16
LogInit: Compatible Engine Version: 4.16.0-3452394+++UE4+Release-4.16
LogInit: Net CL: 3452394
LogDevObjectVersion: Number of dev versions registered: 16
LogDevObjectVersion:   Dev-Blueprints (B0D832E4-1F89-4F0D-ACCF-7EB736FD4AA2): 9
LogDevObjectVersion:   Dev-Build (E1C64328-A22C-4D53-A36C-8E866417BD8C): 0
LogDevObjectVersion:   Dev-Core (375EC13C-06E4-48FB-B500-84F0262A717E): 2
LogDevObjectVersion:   Dev-Editor (E4B068ED-F494-42E9-A231-DA0B2E46BB41): 17
LogDevObjectVersion:   Dev-Framework (CFFC743F-43B0-4480-9391-14DF171D2073): 23
LogDevObjectVersion:   Dev-Mobile (B02B49B5-BB20-44E9-A304-32B752E40360): 0
LogDevObjectVersion:   Dev-Networking (A4E4105C-59A1-49B5-A7C5-40C4547EDFEE): 0
LogDevObjectVersion:   Dev-Online (39C831C9-5AE6-47DC-9A44-9C173E1C8E7C): 0
LogDevObjectVersion:   Dev-Physics (78F01B33-EBEA-4F98-B9B4-84EACCB95AA2): 0
LogDevObjectVersion:   Dev-Platform (6631380F-2D4D-43E0-8009-CF276956A95A): 0
LogDevObjectVersion:   Dev-Rendering (12F88B9F-8875-4AFC-A67C-D90C383ABD29): 15
LogDevObjectVersion:   Dev-Sequencer (7B5AE74C-D270-4C10-A958-57980B212A5A): 4
LogDevObjectVersion:   Dev-VR (D7296918-1DD6-4BDD-9DE2-64A83CC13884): 0
LogDevObjectVersion:   Dev-LoadTimes (C2A15278-BFE7-4AFE-6C17-90FF531DF755): 1
LogDevObjectVersion:   Private-Geometry (6EACA3D4-40EC-4CC1-B786-8BED09428FC5): 1
LogDevObjectVersion:   Dev-AnimPhys (29E575DD-E0A3-4627-9D10-D276232CDCEA): 3
LogInit: Compiled (64-bit): Jul 28 2017 11:49:47
LogInit: Compiled with Visual C++: 19.00.24215.01
LogInit: Build Configuration: Development
LogInit: Branch Name: ++UE4+Release-4.16
LogInit: Command line:  
LogInit: Base directory: C:/Program Files/Epic Games/UE_4.16/Engine/Binaries/Win64/
LogInit: Installed Engine Build: 1
LogInit: Presizing for max 8388607 objects, including 0 objects not considered by GC, pre-allocating 0 bytes for permanent pool.
LogInit: Object subsystem initialized
[2017.08.31-14.20.18:804][  0]LogInit: Selected Device Profile: [Windows]
[2017.08.31-14.20.18:804][  0]LogInit: Applying CVar settings loaded from the selected device profile: [Windows]
[2017.08.31-14.20.18:857][  0]LogInit: Computer: JOONHO
[2017.08.31-14.20.18:857][  0]LogInit: User: yeshj
[2017.08.31-14.20.18:857][  0]LogInit: CPU Page size=4096, Cores=4
[2017.08.31-14.20.18:857][  0]LogInit: High frequency timer resolution =3.416980 MHz
[2017.08.31-14.20.18:857][  0]LogMemory: Memory total: Physical=11.9GB (12GB approx)
[2017.08.31-14.20.18:857][  0]LogMemory: Platform Memory Stats for Windows
[2017.08.31-14.20.18:857][  0]LogMemory: Process Physical Memory: 273.67 MB used, 273.67 MB peak
[2017.08.31-14.20.18:857][  0]LogMemory: Process Virtual Memory: 270.39 MB used, 270.39 MB peak
[2017.08.31-14.20.18:857][  0]LogMemory: Physical Memory: 5812.49 MB used,  6394.58 MB free, 12207.07 MB total
[2017.08.31-14.20.18:857][  0]LogMemory: Virtual Memory: 646.93 MB used,  6394.58 MB free, 134217728.00 MB total
[2017.08.31-14.20.18:918][  0]LogInit: Using OS detected language (ko-KR).
[2017.08.31-14.20.18:918][  0]LogInit: Using OS detected locale (ko-KR).
[2017.08.31-14.20.19:000][  0]LogTextLocalizationManager: No specific localization for 'ko-KR' exists, so the 'ko' localization will be used.
[2017.08.31-14.20.21:602][  0]LogD3D11RHI: D3D11 adapters:
[2017.08.31-14.20.22:174][  0]LogD3D11RHI:    0. 'NVIDIA GeForce GTX 1060 6GB' (Feature Level 11_0)
[2017.08.31-14.20.22:174][  0]LogD3D11RHI:       6084/0/6103 MB DedicatedVideo/DedicatedSystem/SharedSystem, Outputs:2, VendorId:0x10de
[2017.08.31-14.20.22:175][  0]LogD3D11RHI:    1. 'Microsoft Basic Render Driver' (Feature Level 11_0)
[2017.08.31-14.20.22:175][  0]LogD3D11RHI:       0/0/6103 MB DedicatedVideo/DedicatedSystem/SharedSystem, Outputs:0, VendorId:0x1414
[2017.08.31-14.20.22:175][  0]LogD3D11RHI: Chosen D3D11 Adapter: 0
[2017.08.31-14.20.22:180][  0]LogD3D11RHI: Creating new Direct3DDevice
[2017.08.31-14.20.22:180][  0]LogD3D11RHI:     GPU DeviceId: 0x1c03 (for the marketing name, search the web for "GPU Device Id")
[2017.08.31-14.20.22:180][  0]LogWindows: EnumDisplayDevices:
[2017.08.31-14.20.22:181][  0]LogWindows:    0. 'NVIDIA GeForce GTX 1060 6GB' (P:1 D:1)
[2017.08.31-14.20.22:181][  0]LogWindows:    1. 'NVIDIA GeForce GTX 1060 6GB' (P:0 D:1)
[2017.08.31-14.20.22:181][  0]LogWindows:    2. 'NVIDIA GeForce GTX 1060 6GB' (P:0 D:0)
[2017.08.31-14.20.22:181][  0]LogWindows:    3. 'NVIDIA GeForce GTX 1060 6GB' (P:0 D:0)
[2017.08.31-14.20.22:181][  0]LogWindows: DebugString: FoundDriverCount:4 
[2017.08.31-14.20.22:181][  0]LogD3D11RHI:     Adapter Name: NVIDIA GeForce GTX 1060 6GB
[2017.08.31-14.20.22:181][  0]LogD3D11RHI:   Driver Version: 382.33 (internal:22.21.13.8233, unified:382.33)
[2017.08.31-14.20.22:181][  0]LogD3D11RHI:      Driver Date: 5-17-2017
[2017.08.31-14.20.22:181][  0]LogRHI: Texture pool is 1361 MB (70% of 1945 MB)
[2017.08.31-14.20.22:723][  0]LogD3D11RHI: Async texture creation enabled
[2017.08.31-14.20.22:761][  0]LogD3D11RHI: GPU Timing Frequency: 1000.000000 (Debug: 2 1)
[2017.08.31-14.20.22:810][  0]LogShaderCompilers: Guid format shader working directory is -28 characters bigger than the processId version (../../../../../../Users/yeshj/Desktop/폴더들/Unreal Engine 4 Project/Practice/Intermediate/Shaders/WorkingDirectory/9328/).
[2017.08.31-14.20.22:810][  0]LogShaderCompilers: Cleaned the shader compiler working directory 'C:/Users/yeshj/AppData/Local/Temp/UnrealShaderWorkingDir/F822F1BA4AB3288DBC84DE965F3B4715/'.
[2017.08.31-14.20.22:810][  0]LogShaderCompilers:Display: Using Local Shader Compiler.
[2017.08.31-14.20.25:315][  0]LogTemp:Display: Loaded TP AllDesktopTargetPlatform
[2017.08.31-14.20.25:359][  0]LogTemp:Display: Loaded TP MacClientTargetPlatform
[2017.08.31-14.20.25:403][  0]LogTemp:Display: Loaded TP MacNoEditorTargetPlatform
[2017.08.31-14.20.25:447][  0]LogTemp:Display: Loaded TP MacServerTargetPlatform
[2017.08.31-14.20.25:505][  0]LogTemp:Display: Loaded TP MacTargetPlatform
[2017.08.31-14.20.25:549][  0]LogTemp:Display: Loaded TP WindowsClientTargetPlatform
[2017.08.31-14.20.25:594][  0]LogTemp:Display: Loaded TP WindowsNoEditorTargetPlatform
[2017.08.31-14.20.25:638][  0]LogTemp:Display: Loaded TP WindowsServerTargetPlatform
[2017.08.31-14.20.25:678][  0]LogTemp:Display: Loaded TP WindowsTargetPlatform
[2017.08.31-14.20.25:733][  0]LogTemp:Display: Loaded TP AndroidTargetPlatform
[2017.08.31-14.20.25:777][  0]LogTemp:Display: Loaded TP Android_ASTCTargetPlatform
[2017.08.31-14.20.25:821][  0]LogTemp:Display: Loaded TP Android_ATCTargetPlatform
[2017.08.31-14.20.25:863][  0]LogTemp:Display: Loaded TP Android_DXTTargetPlatform
[2017.08.31-14.20.25:908][  0]LogTemp:Display: Loaded TP Android_ETC1TargetPlatform
[2017.08.31-14.20.25:952][  0]LogTemp:Display: Loaded TP Android_ETC2TargetPlatform
[2017.08.31-14.20.26:039][  0]LogTemp:Display: Loaded TP Android_MultiTargetPlatform
[2017.08.31-14.20.26:039][  0]LogTemp:Display: Loaded TP Android_PVRTCTargetPlatform
[2017.08.31-14.20.26:073][  0]LogTemp:Display: Loaded TP HTML5TargetPlatform
[2017.08.31-14.20.26:178][  0]LogTemp:Display: Loaded TP IOSTargetPlatform
[2017.08.31-14.20.26:206][  0]LogTemp:Display: Loaded TP TVOSTargetPlatform
[2017.08.31-14.20.26:249][  0]LogTemp:Display: Loaded TP LinuxClientTargetPlatform
[2017.08.31-14.20.26:292][  0]LogTemp:Display: Loaded TP LinuxNoEditorTargetPlatform
[2017.08.31-14.20.26:335][  0]LogTemp:Display: Loaded TP LinuxServerTargetPlatform
[2017.08.31-14.20.26:385][  0]LogTemp:Display: Loaded TP LinuxTargetPlatform
[2017.08.31-14.20.26:385][  0]LogTargetPlatformManager:Display: Building Assets For Windows
[2017.08.31-14.20.26:845][  0]LogDerivedDataCache:Display: Max Cache Size: 512 MB
[2017.08.31-14.20.27:532][  0]LogDerivedDataCache: Loaded boot cache 0.69s 90MB C:/Users/yeshj/AppData/Local/UnrealEngine/4.16/DerivedDataCache/Boot.ddc.
[2017.08.31-14.20.27:532][  0]LogDerivedDataCache:Display: Loaded Boot cache: C:/Users/yeshj/AppData/Local/UnrealEngine/4.16/DerivedDataCache/Boot.ddc
[2017.08.31-14.20.27:532][  0]LogDerivedDataCache: FDerivedDataBackendGraph:  Pak pak cache file ../../../../../../Users/yeshj/Desktop/폴더들/Unreal Engine 4 Project/Practice/DerivedDataCache/DDC.ddp not found, will not use a pak cache.
[2017.08.31-14.20.27:532][  0]LogDerivedDataCache: Unable to find inner node Pak for hierarchical cache Hierarchy.
[2017.08.31-14.20.27:532][  0]LogDerivedDataCache: FDerivedDataBackendGraph:  CompressedPak pak cache file ../../../../../../Users/yeshj/Desktop/폴더들/Unreal Engine 4 Project/Practice/DerivedDataCache/Compressed.ddp not found, will not use a pak cache.
[2017.08.31-14.20.27:532][  0]LogDerivedDataCache: Unable to find inner node CompressedPak for hierarchical cache Hierarchy.
[2017.08.31-14.20.27:547][  0]LogDerivedDataCache:Display: Pak cache opened for reading ../../../Engine/DerivedDataCache/Compressed.ddp.
[2017.08.31-14.20.27:559][  0]LogDerivedDataCache: Using Local data cache path C:/Users/yeshj/AppData/Local/UnrealEngine/Common/DerivedDataCache: Writable
[2017.08.31-14.20.27:568][  0]LogMaterial: Verifying Global Shaders for PCD3D_SM5
[2017.08.31-14.20.27:568][  0]LogSlate: Using Freetype 2.6.0
[2017.08.31-14.20.27:579][  0]LogSlate: SlateFontCache - WITH_FREETYPE: 1, WITH_HARFBUZZ: 1
[2017.08.31-14.20.27:579][  0]LogSlate: SlateFontCache - WITH_FREETYPE: 1, WITH_HARFBUZZ: 1
[2017.08.31-14.20.28:570][  0]LogInit: Selected Device Profile: [Windows]
[2017.08.31-14.20.28:699][  0]LogContentStreaming: Texture pool size is 0.00 MB
[2017.08.31-14.20.28:873][  0]LogMeshUtilities: Using QuadricMeshReduction for automatic static mesh reduction
[2017.08.31-14.20.28:911][  0]LogSimplygon: Simplygon DLL not present - disabling.
[2017.08.31-14.20.28:953][  0]LogMeshUtilities: Using SimplygonSwarm for distributed automatic mesh merging
[2017.08.31-14.20.28:953][  0]LogMeshUtilities: No automatic skeletal mesh reduction module available
[2017.08.31-14.20.28:953][  0]LogMeshUtilities: No automatic mesh merging module available
[2017.08.31-14.20.29:568][  0]LogNetVersion: Practice , NetCL: 3452394, EngineNetVer: 2, GameNetVer: 0 (Checksum: 2465981170)
[2017.08.31-14.20.29:634][  0]LogAssetRegistry: FAssetRegistry took 0.0327 seconds to start up
[2017.08.31-14.20.30:022][  0]LogPackageLocalizationCache: Processed 4 localized package path(s) for 2 prioritized culture(s) in 0.367846 seconds
[2017.08.31-14.20.30:027][  0]LogUObjectArray: 34194 objects as part of root set at end of initial load.
[2017.08.31-14.20.30:027][  0]LogUObjectAllocator: 7260424 out of 0 bytes used by permanent object pool.
[2017.08.31-14.20.30:027][  0]LogUObjectArray: CloseDisregardForGC: 0/0 objects in disregard for GC pool
[2017.08.31-14.20.30:083][  0]LogInit: WinSock: version 1.1 (2.2), MaxSocks=32767, MaxUdp=65467
[2017.08.31-14.20.41:814][  0]LogTcpMessaging: Initializing TcpMessaging bridge
[2017.08.31-14.20.41:851][  0]LogUdpMessaging: Initializing bridge on interface 0.0.0.0:0 to multicast group 230.0.0.1:6666.
[2017.08.31-14.20.42:434][  0]LogMaterial: Uniform references updated for custom material expression Custom.
[2017.08.31-14.20.42:833][  0]SourceControl: 정보 소스 콘트롤이 꺼졌습니다.
[2017.08.31-14.20.42:927][  0]SourceControl: 정보 소스 콘트롤이 꺼졌습니다.
[2017.08.31-14.20.42:969][  0]SourceControl: 정보 소스 콘트롤이 꺼졌습니다.
[2017.08.31-14.20.43:010][  0]SourceControl: 정보 소스 콘트롤이 꺼졌습니다.
[2017.08.31-14.20.43:722][  0]LogAndroidPermission: UAndroidPermissionCallbackProxy::GetInstance
[2017.08.31-14.20.44:257][  0]LogEngine: Initializing Engine...
[2017.08.31-14.20.44:258][  0]LogHMD: Failed to initialize OpenVR with code 110
[2017.08.31-14.20.44:458][  0]LogStats: UGameplayTagsManager::ConstructGameplayTagTree: Construct from data asset -  0.000 s
[2017.08.31-14.20.44:458][  0]LogStats: UGameplayTagsManager::ConstructGameplayTagTree: GameplayTagTreeChangedEvent.Broadcast -  0.000 s
[2017.08.31-14.20.44:574][  0]LogAIModule: Creating AISystem for world Untitled
[2017.08.31-14.20.44:581][  0]LogInit: XAudio2 using '스피커(High Definition Audio 장치)' : 2 channels at 48 kHz using 16 bits per sample (channel mask 0x3)
[2017.08.31-14.20.44:591][  0]LogInit: FAudioDevice initialized.
[2017.08.31-14.20.44:640][  0]LogDerivedDataCache: Saved boot cache 0.05s 90MB C:/Users/yeshj/AppData/Local/UnrealEngine/4.16/DerivedDataCache/Boot.ddc.
[2017.08.31-14.20.44:658][  0]LogInit: Texture streaming: Enabled
[2017.08.31-14.20.44:741][  0]LogEngineSessionManager: EngineSessionManager initialized
[2017.08.31-14.20.44:983][  0]LogInit: Transaction tracking system initialized
[2017.08.31-14.20.45:266][  0]BlueprintLog: New page: 에디터 로드
[2017.08.31-14.20.46:145][  0]LocalizationService: 정보 현지화 서비스가 비활성화되었습니다.
[2017.08.31-14.20.46:792][  0]LogConsoleResponse:Display: 
[2017.08.31-14.20.46:978][  0]LogCook:Display: Max memory allowance for cook 16384mb min free memory 0mb
[2017.08.31-14.20.46:978][  0]LogCook:Display: Mobile HDR setting 1
[2017.08.31-14.20.48:180][  0]LogFileCache: Scanning file cache for directory 'C:/Users/yeshj/Desktop/폴더들/Unreal Engine 4 Project/Practice/Content/' took 0.02s
[2017.08.31-14.20.48:222][  0]SourceControl: 정보 소스 콘트롤이 꺼졌습니다.
[2017.08.31-14.20.48:222][  0]Cmd: MAP LOAD FILE="../../../../../../Users/yeshj/Desktop/폴더들/Unreal Engine 4 Project/Practice/Content/StarterContent/Maps/Minimal_Default.umap" TEMPLATE=0 SHOWPROGRESS=1 FEATURELEVEL=3
[2017.08.31-14.20.48:379][  0]LightingResults: New page: 라이팅 빌드
[2017.08.31-14.20.48:415][  0]MapCheck: New page: 맵 체크
[2017.08.31-14.20.48:415][  0]LightingResults: New page: 라이팅 빌드
[2017.08.31-14.20.50:141][  0]LogAudioDerivedData:Display: OGG 압축 오디오 포맷 BGM 웨이브 빌드중...
[2017.08.31-14.20.51:450][  0]LogTexture:Display: 텍스처 빌드: HQ_Lightmap1_1 (AutoDXT, 512X512)
[2017.08.31-14.20.51:566][  0]LogTexture:Display: 텍스처 빌드: HQ_Lightmap1_2 (AutoDXT, 64X64)
[2017.08.31-14.20.51:574][  0]LogTexture:Display: 텍스처 빌드: LQ_Lightmap_1_1 (DXT1, 512X512)
[2017.08.31-14.20.51:622][  0]LogTexture:Display: 텍스처 빌드: LQ_Lightmap_1_2 (DXT1, 64X64)
[2017.08.31-14.20.51:626][  0]LogTexture:Display: 텍스처 빌드: SkyOcclusion1_1 (AutoDXT, 512X256)
[2017.08.31-14.20.51:670][  0]LogTexture:Display: 텍스처 빌드: SkyOcclusion1_2 (AutoDXT, 64X32)
[2017.08.31-14.20.51:673][  0]LogTexture:Display: 텍스처 빌드: ShadowMapTexture2D_2 (G8, 1024X128)
[2017.08.31-14.20.51:676][  0]LogTexture:Display: 텍스처 빌드: ShadowMapTexture2D_3 (G8, 32X32)
[2017.08.31-14.20.51:695][  0]LogTexture:Display: 텍스처 빌드: Keyboard_Techs (AutoDXT, 2400X716)
[2017.08.31-14.20.51:939][  0]LogTexture:Display: 텍스처 빌드: Keyboard_Numpads (AutoDXT, 2400X716)
[2017.08.31-14.20.52:190][  0]LogTexture:Display: 텍스처 빌드: Keyboard_Numbers (AutoDXT, 2400X716)
[2017.08.31-14.20.52:422][  0]LogTexture:Display: 텍스처 빌드: Keyboard_Miscs (AutoDXT, 2400X716)
[2017.08.31-14.20.52:642][  0]LogTexture:Display: 텍스처 빌드: Keyboard_Marks (AutoDXT, 2400X716)
[2017.08.31-14.20.52:851][  0]LogTexture:Display: 텍스처 빌드: Keyboard_Map_Tex (AutoDXT, 2400X716)
[2017.08.31-14.20.53:424][  0]LogTexture:Display: 텍스처 빌드: Keyboard_Letters (AutoDXT, 2400X716)
[2017.08.31-14.20.53:681][  0]LogTexture:Display: 텍스처 빌드: Keyboard_Funcs (AutoDXT, 2400X716)
[2017.08.31-14.20.53:915][  0]LogTexture:Display: 텍스처 빌드: Keyboard_Arrows (AutoDXT, 2400X716)
[2017.08.31-14.20.54:133][  0]LogTexture:Display: 텍스처 빌드: Mob_Re_2_Tex (AutoDXT, 800X600)
[2017.08.31-14.20.54:168][  0]LogTexture:Display: 텍스처 빌드: Mob_Re_1_Tex (AutoDXT, 800X600)
[2017.08.31-14.20.54:273][  0]LogAudioDerivedData:Display: OGG 압축 오디오 포맷 Wrong_Sound 웨이브 빌드중...
[2017.08.31-14.20.54:285][  0]LogAudioDerivedData:Display: OGG 압축 오디오 포맷 Balloon_Start_Sound 웨이브 빌드중...
[2017.08.31-14.20.54:303][  0]LogAudioDerivedData:Display: OGG 압축 오디오 포맷 Game_Over_Sound 웨이브 빌드중...
[2017.08.31-14.20.54:378][  0]LogAudioDerivedData:Display: OGG 압축 오디오 포맷 Pop_Sound 웨이브 빌드중...
[2017.08.31-14.20.54:389][  0]LogAudioDerivedData:Display: OGG 압축 오디오 포맷 Body_Fall_Sound 웨이브 빌드중...
[2017.08.31-14.20.54:406][  0]LogTexture:Display: 텍스처 빌드: Balloon_Pop_2_Tex (AutoDXT, 800X600)
[2017.08.31-14.20.54:530][  0]LogTexture:Display: 텍스처 빌드: Balloon_Pop_1_Tex (AutoDXT, 800X600)
[2017.08.31-14.20.54:688][  0]LogTexture:Display: 텍스처 빌드: Balloon_1_Tex (AutoDXT, 800X600)
[2017.08.31-14.20.54:810][  0]LogTexture:Display: 텍스처 빌드: Mob_Re_Dead_3_Tex (AutoDXT, 800X600)
[2017.08.31-14.20.54:840][  0]LogTexture:Display: 텍스처 빌드: Mob_Re_Dead_2_Tex (AutoDXT, 800X600)
[2017.08.31-14.20.54:870][  0]LogTexture:Display: 텍스처 빌드: Mob_Re_Dead_1_Tex (AutoDXT, 800X600)
[2017.08.31-14.20.54:900][  0]LogTexture:Display: 텍스처 빌드: Balloon_2_Tex (AutoDXT, 800X600)
[2017.08.31-14.20.55:222][  0]LogAIModule: Creating AISystem for world Minimal_Default
[2017.08.31-14.20.55:296][  0]LogPhysics:Warning: Initialising Body : Scale3D is (nearly) zero: Component: Plate.StaticMeshComponent0 Cube 
[2017.08.31-14.20.55:456][  0]LogEditorServer: Finished looking for orphan Actors (0.000 secs)
[2017.08.31-14.20.55:491][  0]Cmd: MAP CHECKDEP NOCLEARLOG
[2017.08.31-14.20.55:539][  0]MapCheck: 정보 맵 체크 완료: 오류 0 회, 경고 0 회, 소요 시간 47.749ms.
[2017.08.31-14.20.55:539][  0]LogFileHelpers: Loading map 'Minimal_Default' took 7.317
[2017.08.31-14.20.55:663][  0]LogWindowsTextInputMethodSystem:Display: IME system now activated using TSF (Microsoft 입력기).
[2017.08.31-14.20.55:663][  0]LogWindowsTextInputMethodSystem:Display: IME system now activated using TSF (Microsoft 입력기).
[2017.08.31-14.20.55:748][  0]LogCollectionManager: Loaded 1 collections in 0.017933 seconds
[2017.08.31-14.20.55:828][  0]LogFileCache: Scanning file cache for directory 'C:/Users/yeshj/Desktop/폴더들/Unreal Engine 4 Project/Practice/Saved/Collections/' took 0.01s
[2017.08.31-14.20.55:828][  0]LogFileCache: Scanning file cache for directory 'C:/Users/yeshj/Desktop/폴더들/Unreal Engine 4 Project/Practice/Content/Developers/yeshj/Collections/' took 0.01s
[2017.08.31-14.20.55:828][  0]LogFileCache: Scanning file cache for directory 'C:/Users/yeshj/Desktop/폴더들/Unreal Engine 4 Project/Practice/Content/Collections/' took 0.01s
[2017.08.31-14.20.55:828][  0]LogCollectionManager: Rebuilt the GUID cache for 1 collections in 0.000003 seconds
[2017.08.31-14.20.55:828][  0]LogCollectionManager: Rebuilt the hierarchy cache for 1 collections in 0.000000 seconds
[2017.08.31-14.20.55:836][  0]LogContentBrowser: Native class hierarchy populated in 0.0081 seconds. Added 2329 classes and 491 folders.
[2017.08.31-14.20.55:891][  0]LogContentBrowser: Native class hierarchy updated for 'WidgetCarousel' in 0.0006 seconds. Added 0 classes and 0 folders.
[2017.08.31-14.20.56:544][  0]LogContentBrowser: Native class hierarchy updated for 'AddContentDialog' in 0.0005 seconds. Added 0 classes and 0 folders.
[2017.08.31-14.20.56:664][  0]LogContentBrowser: Native class hierarchy updated for 'SceneOutliner' in 0.0005 seconds. Added 1 classes and 2 folders.
[2017.08.31-14.20.56:734][  0]LogCrashTracker: Crashtracker disabled due to settings.
[2017.08.31-14.20.56:760][  0]LogSlate: Took 0.019485 seconds to synchronously load lazily loaded font '../../../Engine/Content/Slate/Fonts/Roboto-Regular.ttf' (155K)
[2017.08.31-14.20.56:765][  0]LogSlate: Took 0.003843 seconds to synchronously load lazily loaded font '../../../Engine/Content/Slate/Fonts/NanumGothic.ttf' (4243K)
[2017.08.31-14.20.56:780][  0]LogSlate: Took 0.015026 seconds to synchronously load lazily loaded font '../../../Engine/Content/Slate/Fonts/Roboto-Bold.ttf' (160K)
[2017.08.31-14.20.56:793][  0]LogSlate: Took 0.012007 seconds to synchronously load lazily loaded font '../../../Engine/Content/Editor/Slate/Fonts/FontAwesome.ttf' (139K)
[2017.08.31-14.20.56:973][  0]LogRenderer: Reallocating scene render targets to support 1208x924 NumSamples 1 (Frame:1).
[2017.08.31-14.20.57:226][  0]LogUObjectGlobals:Warning: 'Class 없음.' 오브젝트를 찾는 데 실패했습니다.
[2017.08.31-14.20.57:289][  0]LogContentBrowser: Native class hierarchy updated for 'HierarchicalLODOutliner' in 0.0005 seconds. Added 1 classes and 2 folders.
[2017.08.31-14.20.57:289][  0]LogLoad: (Engine Initialization) Total time: 41.45 seconds
[2017.08.31-14.20.57:289][  0]LogLoad: (Engine Initialization) Total Blueprint compile time: 0.41 seconds
[2017.08.31-14.20.57:289][  0]LogExternalProfiler: No external profilers were discovered.  External profiling features will not be available.
[2017.08.31-14.20.57:632][  0]LogOcInput: OculusInput pre-init called
[2017.08.31-14.20.57:632][  0]LogHMD: Starting GearVRController plugin
[2017.08.31-14.20.57:654][  0]LogContentStreaming: Texture pool size now 1000 MB
[2017.08.31-14.20.57:720][  0]LogSlate: Took 0.005026 seconds to synchronously load lazily loaded font '../../../Engine/Content/Slate/Fonts/Roboto-Light.ttf' (159K)
[2017.08.31-14.20.57:966][  1]LogAssetRegistry: Asset discovery search completed in 28.3534 seconds
[2017.08.31-14.20.57:968][  1]LogCollectionManager: Rebuilt the object cache for 1 collections in 0.000001 seconds (found 0 objects)
[2017.08.31-14.20.57:968][  1]LogCollectionManager: Fixed up redirectors for 1 collections in 0.000023 seconds (updated 0 objects)
[2017.08.31-14.20.58:348][  3]LogSlate: Took 0.000147 seconds to synchronously load lazily loaded font '../../../Engine/Content/Slate/Fonts/Roboto-Light.ttf' (159K)
[2017.08.31-14.20.58:674][  3]LogContentBrowser: Native class hierarchy updated for 'BlueprintGraph' in 0.0011 seconds. Added 112 classes and 0 folders.
[2017.08.31-14.21.00:134][  3]LogSlate: Took 0.048885 seconds to synchronously load lazily loaded font '../../../Engine/Content/Editor/Slate/Fonts/Roboto-BoldCondensed.ttf' (158K)
[2017.08.31-14.21.00:141][  3]LogSlate: Took 0.004787 seconds to synchronously load lazily loaded font '../../../Engine/Content/Slate/Fonts/Roboto-Light.ttf' (159K)
[2017.08.31-14.21.00:441][  4]LogSlate: Took 0.000264 seconds to synchronously load lazily loaded font '../../../Engine/Content/Editor/Slate/Fonts/Roboto-Italic.ttf' (157K)
[2017.08.31-15.05.40:174][153]LogActorComponent: UnregisterComponent: (/Engine/Transient.EditorFloorComp) Not registered. Aborting.
[2017.08.31-15.05.40:650][154]Cmd: QUIT_EDITOR
[2017.08.31-15.05.40:885][154]LogWindowsTextInputMethodSystem:Display: IME system now activated using TSF (Microsoft 입력기).
[2017.08.31-15.05.40:886][154]LogWindowsTextInputMethodSystem:Display: IME system now activated using TSF (Microsoft 입력기).
[2017.08.31-15.05.40:930][154]LogExit: Preparing to exit.
[2017.08.31-15.05.42:217][154]LogDirectoryWatcher: A directory notification for 'C:/Users/yeshj/Desktop/폴더들/Unreal Engine 4 Project/Practice/Content/' was aborted.
[2017.08.31-15.05.42:379][154]LogExit: Editor shut down
[2017.08.31-15.05.42:405][154]LogExit: Transaction tracking system shut down
[2017.08.31-15.05.43:516][154]LogObj: Freed 0b from 0 cluster array pools.
[2017.08.31-15.05.43:517][154]LogExit: Object subsystem successfully closed.
[2017.08.31-15.05.43:636][154]LogD3D11RHI: Shutdown
[2017.08.31-15.05.43:636][154]LogD3D11RHI: CleanupD3DDevice
[2017.08.31-15.05.43:734][154]LogD3D11RHI: ~FD3D11DynamicRHI
[2017.08.31-15.05.44:383][154]LogModuleManager: Shutting down and abandoning module SequencerWidgets (530)
[2017.08.31-15.05.44:397][154]LogModuleManager: Shutting down and abandoning module BlueprintGraph (528)
[2017.08.31-15.05.44:397][154]LogModuleManager: Shutting down and abandoning module BlueprintProfiler (526)
[2017.08.31-15.05.44:434][154]LogModuleManager: Shutting down and abandoning module HierarchicalLODOutliner (524)
[2017.08.31-15.05.44:448][154]LogModuleManager: Shutting down and abandoning module CrashTracker (522)
[2017.08.31-15.05.44:448][154]LogModuleManager: Shutting down and abandoning module SceneOutliner (520)
[2017.08.31-15.05.44:448][154]LogModuleManager: Shutting down and abandoning module AddContentDialog (518)
[2017.08.31-15.05.44:465][154]LogDirectoryWatcher: A directory notification for 'C:/Program Files/Epic Games/UE_4.16/FeaturePacks/' was aborted.
[2017.08.31-15.05.44:470][154]LogModuleManager: Shutting down and abandoning module WidgetCarousel (517)
[2017.08.31-15.05.44:470][154]LogModuleManager: Shutting down and abandoning module EditorWidgets (514)
[2017.08.31-15.05.44:470][154]LogModuleManager: Shutting down and abandoning module CollectionManager (512)
[2017.08.31-15.05.44:470][154]LogDirectoryWatcher: A directory notification for 'C:/Users/yeshj/Desktop/폴더들/Unreal Engine 4 Project/Practice/Content/Collections/' was aborted.
[2017.08.31-15.05.44:470][154]LogDirectoryWatcher: A directory notification for 'C:/Users/yeshj/Desktop/폴더들/Unreal Engine 4 Project/Practice/Content/Developers/yeshj/Collections/' was aborted.
[2017.08.31-15.05.44:471][154]LogDirectoryWatcher: A directory notification for 'C:/Users/yeshj/Desktop/폴더들/Unreal Engine 4 Project/Practice/Saved/Collections/' was aborted.
[2017.08.31-15.05.44:471][154]LogModuleManager: Shutting down and abandoning module StatsViewer (510)
[2017.08.31-15.05.44:480][154]LogModuleManager: Shutting down and abandoning module FoliageEdit (508)
[2017.08.31-15.05.44:480][154]LogModuleManager: Shutting down and abandoning module LandscapeEditor (506)
[2017.08.31-15.05.44:491][154]LogModuleManager: Shutting down and abandoning module MeshPaintMode (504)
[2017.08.31-15.05.44:491][154]LogModuleManager: Shutting down and abandoning module SceneDepthPickerMode (502)
[2017.08.31-15.05.44:491][154]LogModuleManager: Shutting down and abandoning module ActorPickerMode (500)
[2017.08.31-15.05.44:491][154]LogModuleManager: Shutting down and abandoning module GeometryMode (498)
[2017.08.31-15.05.44:491][154]LogModuleManager: Shutting down and abandoning module TextureAlignMode (496)
[2017.08.31-15.05.44:491][154]LogModuleManager: Shutting down and abandoning module BspMode (494)
[2017.08.31-15.05.44:507][154]LogModuleManager: Shutting down and abandoning module HardwareSurvey (492)
[2017.08.31-15.05.44:507][154]LogModuleManager: Shutting down and abandoning module SequenceRecorderSections (490)
[2017.08.31-15.05.44:507][154]LogModuleManager: Shutting down and abandoning module AutomationWorker (488)
[2017.08.31-15.05.44:519][154]LogModuleManager: Shutting down and abandoning module MatineeToLevelSequence (486)
[2017.08.31-15.05.44:519][154]LogModuleManager: Shutting down and abandoning module LevelSequenceEditor (484)
[2017.08.31-15.05.44:593][154]LogModuleManager: Shutting down and abandoning module PlacementMode (483)
[2017.08.31-15.05.44:593][154]LogModuleManager: Shutting down and abandoning module WmfMediaFactory (480)
[2017.08.31-15.05.44:593][154]LogModuleManager: Shutting down and abandoning module WmfMediaEditor (478)
[2017.08.31-15.05.44:593][154]LogModuleManager: Shutting down and abandoning module AvfMediaFactory (476)
[2017.08.31-15.05.44:593][154]LogModuleManager: Shutting down and abandoning module AvfMediaEditor (474)
[2017.08.31-15.05.44:593][154]LogModuleManager: Shutting down and abandoning module AndroidMediaFactory (472)
[2017.08.31-15.05.44:594][154]LogModuleManager: Shutting down and abandoning module Media (471)
[2017.08.31-15.05.44:594][154]LogModuleManager: Shutting down and abandoning module AndroidMediaEditor (468)
[2017.08.31-15.05.44:594][154]LogModuleManager: Shutting down and abandoning module CharacterAI (466)
[2017.08.31-15.05.44:594][154]LogModuleManager: Shutting down and abandoning module AudioCapture (464)
[2017.08.31-15.05.44:594][154]LogModuleManager: Shutting down and abandoning module SequenceRecorder (463)
[2017.08.31-15.05.44:603][154]LogModuleManager: Shutting down and abandoning module SmartSnapping (460)
[2017.08.31-15.05.44:603][154]LogModuleManager: Shutting down and abandoning module SessionServices (458)
[2017.08.31-15.05.44:603][154]LogModuleManager: Shutting down and abandoning module ViewportSnapping (456)
[2017.08.31-15.05.44:603][154]LogModuleManager: Shutting down and abandoning module ViewportInteraction (454)
[2017.08.31-15.05.44:603][154]LogModuleManager: Shutting down and abandoning module ClothPainter (452)
[2017.08.31-15.05.44:678][154]LogModuleManager: Shutting down and abandoning module LogVisualizer (450)
[2017.08.31-15.05.44:696][154]LogModuleManager: Shutting down and abandoning module IntroTutorials (448)
[2017.08.31-15.05.44:716][154]LogModuleManager: Shutting down and abandoning module GameProjectGeneration (447)
[2017.08.31-15.05.44:731][154]LogModuleManager: Shutting down and abandoning module EditorLiveStreaming (444)
[2017.08.31-15.05.44:731][154]LogModuleManager: Shutting down and abandoning module IOSPlatformEditor (442)
[2017.08.31-15.05.44:731][154]LogModuleManager: Shutting down and abandoning module HTML5PlatformEditor (440)
[2017.08.31-15.05.44:731][154]LogModuleManager: Shutting down and abandoning module AndroidPlatformEditor (438)
[2017.08.31-15.05.44:731][154]LogModuleManager: Shutting down and abandoning module AndroidDeviceDetection (437)
[2017.08.31-15.05.45:441][154]LogModuleManager: Shutting down and abandoning module IOSRuntimeSettings (434)
[2017.08.31-15.05.45:441][154]LogModuleManager: Shutting down and abandoning module AndroidRuntimeSettings (432)
[2017.08.31-15.05.45:441][154]LogModuleManager: Shutting down and abandoning module InputBindingEditor (430)
[2017.08.31-15.05.45:454][154]LogModuleManager: Shutting down and abandoning module MergeActors (428)
[2017.08.31-15.05.45:462][154]LogModuleManager: Shutting down and abandoning module SizeMap (426)
[2017.08.31-15.05.45:462][154]LogModuleManager: Shutting down and abandoning module TreeMap (424)
[2017.08.31-15.05.45:469][154]LogModuleManager: Shutting down and abandoning module ReferenceViewer (422)
[2017.08.31-15.05.45:469][154]LogModuleManager: Shutting down and abandoning module LocalizationDashboard (420)
[2017.08.31-15.05.45:476][154]LogModuleManager: Shutting down and abandoning module LocalizationService (419)
[2017.08.31-15.05.45:496][154]LogModuleManager: Shutting down and abandoning module HardwareTargeting (416)
[2017.08.31-15.05.45:496][154]LogModuleManager: Shutting down and abandoning module DeviceProfileEditor (414)
[2017.08.31-15.05.45:508][154]LogModuleManager: Shutting down and abandoning module UndoHistory (412)
[2017.08.31-15.05.45:515][154]LogModuleManager: Shutting down and abandoning module UserFeedback (410)
[2017.08.31-15.05.45:515][154]LogModuleManager: Shutting down and abandoning module XmlParser (408)
[2017.08.31-15.05.45:515][154]LogModuleManager: Shutting down and abandoning module Blutility (406)
[2017.08.31-15.05.45:529][154]LogModuleManager: Shutting down and abandoning module ProjectSettingsViewer (404)
[2017.08.31-15.05.45:529][154]LogModuleManager: Shutting down and abandoning module ProjectTargetPlatformEditor (403)
[2017.08.31-15.05.45:530][154]LogModuleManager: Shutting down and abandoning module EditorSettingsViewer (400)
[2017.08.31-15.05.45:530][154]LogModuleManager: Shutting down and abandoning module SettingsEditor (398)
[2017.08.31-15.05.45:530][154]LogModuleManager: Shutting down and abandoning module ProjectLauncher (396)
[2017.08.31-15.05.45:556][154]LogModuleManager: Shutting down and abandoning module SessionFrontend (394)
[2017.08.31-15.05.45:575][154]LogModuleManager: Shutting down and abandoning module ProfilerClient (392)
[2017.08.31-15.05.45:591][154]LogModuleManager: Shutting down and abandoning module DeviceManager (390)
[2017.08.31-15.05.45:605][154]LogModuleManager: Shutting down and abandoning module TargetDeviceServices (389)
[2017.08.31-15.05.45:667][154]LogModuleManager: Shutting down and abandoning module AutomationController (386)
[2017.08.31-15.05.45:678][154]LogModuleManager: Shutting down and abandoning module AutomationWindow (384)
[2017.08.31-15.05.45:700][154]LogModuleManager: Shutting down and abandoning module Layers (382)
[2017.08.31-15.05.45:716][154]LogModuleManager: Shutting down and abandoning module ComponentVisualizers (380)
[2017.08.31-15.05.45:716][154]LogModuleManager: Shutting down and abandoning module DetailCustomizations (378)
[2017.08.31-15.05.45:724][154]LogModuleManager: Shutting down and abandoning module PackagesDialog (376)
[2017.08.31-15.05.45:729][154]LogModuleManager: Shutting down and abandoning module Persona (374)
[2017.08.31-15.05.45:757][154]LogModuleManager: Shutting down and abandoning module AdvancedPreviewScene (373)
[2017.08.31-15.05.45:757][154]LogModuleManager: Shutting down and abandoning module AnimGraph (371)
[2017.08.31-15.05.45:757][154]LogModuleManager: Shutting down and abandoning module Kismet (368)
[2017.08.31-15.05.45:764][154]LogModuleManager: Shutting down and abandoning module ClassViewer (366)
[2017.08.31-15.05.45:764][154]LogModuleManager: Shutting down and abandoning module Toolbox (364)
[2017.08.31-15.05.45:764][154]LogModuleManager: Shutting down and abandoning module ModuleUI (362)
[2017.08.31-15.05.45:793][154]LogModuleManager: Shutting down and abandoning module MovieSceneTools (360)
[2017.08.31-15.05.45:805][154]LogModuleManager: Shutting down and abandoning module OutputLog (358)
[2017.08.31-15.05.45:821][154]LogModuleManager: Shutting down and abandoning module GammaUI (356)
[2017.08.31-15.05.45:839][154]LogModuleManager: Shutting down and abandoning module Documentation (354)
[2017.08.31-15.05.45:839][154]LogModuleManager: Shutting down and abandoning module MovieSceneTracks (352)
[2017.08.31-15.05.45:839][154]LogModuleManager: Shutting down and abandoning module MovieScene (350)
[2017.08.31-15.05.45:839][154]LogModuleManager: Shutting down and abandoning module Niagara (348)
[2017.08.31-15.05.45:839][154]LogModuleManager: Shutting down and abandoning module NiagaraEditor (347)
[2017.08.31-15.05.45:873][154]LogModuleManager: Shutting down and abandoning module StreamingPauseRendering (344)
[2017.08.31-15.05.45:873][154]LogModuleManager: Shutting down and abandoning module AnalyticsET (342)
[2017.08.31-15.05.45:873][154]LogModuleManager: Shutting down and abandoning module PortalServices (340)
[2017.08.31-15.05.45:873][154]LogModuleManager: Shutting down and abandoning module PortalRpc (338)
[2017.08.31-15.05.45:873][154]LogModuleManager: Shutting down and abandoning module MessagingRpc (336)
[2017.08.31-15.05.45:873][154]LogModuleManager: Shutting down and abandoning module AIModule (334)
[2017.08.31-15.05.45:873][154]LogModuleManager: Shutting down and abandoning module GameplayDebugger (333)
[2017.08.31-15.05.45:873][154]LogModuleManager: Shutting down and abandoning module AITestSuite (331)
[2017.08.31-15.05.45:873][154]LogModuleManager: Shutting down and abandoning module ProfilerService (328)
[2017.08.31-15.05.45:918][154]LogModuleManager: Shutting down and abandoning module TaskGraph (326)
[2017.08.31-15.05.45:941][154]LogModuleManager: Shutting down and abandoning module SteamVRController (324)
[2017.08.31-15.05.45:941][154]LogModuleManager: Shutting down and abandoning module SteamVR (322)
[2017.08.31-15.05.45:941][154]LogModuleManager: Shutting down and abandoning module ProceduralMeshComponentEditor (320)
[2017.08.31-15.05.45:941][154]LogModuleManager: Shutting down and abandoning module ProceduralMeshComponent (318)
[2017.08.31-15.05.45:953][154]LogModuleManager: Shutting down and abandoning module OculusLibrary (316)
[2017.08.31-15.05.45:953][154]LogModuleManager: Shutting down and abandoning module OculusInput (314)
[2017.08.31-15.05.45:953][154]LogModuleManager: Shutting down and abandoning module MobilePatchingUtils (312)
[2017.08.31-15.05.45:953][154]LogModuleManager: Shutting down and abandoning module CustomMeshComponent (310)
[2017.08.31-15.05.45:953][154]LogModuleManager: Shutting down and abandoning module CableComponent (308)
[2017.08.31-15.05.45:953][154]LogModuleManager: Shutting down and abandoning module ArchVisCharacter (306)
[2017.08.31-15.05.45:953][154]LogModuleManager: Shutting down and abandoning module AndroidPermission (304)
[2017.08.31-15.05.45:953][154]LogModuleManager: Shutting down and abandoning module MediaPlayerEditor (300)
[2017.08.31-15.05.45:954][154]LogModuleManager: Shutting down and abandoning module HTML5Networking (298)
[2017.08.31-15.05.45:954][154]LogModuleManager: Shutting down and abandoning module AlembicImporter (296)
[2017.08.31-15.05.45:969][154]LogModuleManager: Shutting down and abandoning module AlembicLibrary (295)
[2017.08.31-15.05.45:969][154]LogModuleManager: Shutting down and abandoning module GeometryCache (294)
[2017.08.31-15.05.45:969][154]LogModuleManager: Shutting down and abandoning module GeometryCacheEd (293)
[2017.08.31-15.05.45:969][154]LogModuleManager: Shutting down and abandoning module SuperSearchEditor (288)
[2017.08.31-15.05.45:969][154]LogModuleManager: Shutting down and abandoning module SuperSearch (287)
[2017.08.31-15.05.45:969][154]LogModuleManager: Shutting down and abandoning module SpeedTreeImporter (284)
[2017.08.31-15.05.45:969][154]LogModuleManager: Shutting down and abandoning module PluginBrowser (282)
[2017.08.31-15.05.45:970][154]LogModuleManager: Shutting down and abandoning module MobileLauncherProfileWizard (280)
[2017.08.31-15.05.45:984][154]LogModuleManager: Shutting down and abandoning module VisualStudioSourceCodeAccess (278)
[2017.08.31-15.05.45:984][154]LogModuleManager: Shutting down and abandoning module DesktopPlatform (277)
[2017.08.31-15.05.45:984][154]LogModuleManager: Shutting down and abandoning module UObjectPlugin (274)
[2017.08.31-15.05.45:984][154]LogModuleManager: Shutting down and abandoning module SubversionSourceControl (272)
[2017.08.31-15.05.45:995][154]LogModuleManager: Shutting down and abandoning module PerforceSourceControl (270)
[2017.08.31-15.05.46:016][154]LogModuleManager: Shutting down and abandoning module GitSourceControl (268)
[2017.08.31-15.05.46:056][154]LogModuleManager: Shutting down and abandoning module SourceControl (267)
[2017.08.31-15.05.46:088][154]LogModuleManager: Shutting down and abandoning module LightPropagationVolumeEditor (264)
[2017.08.31-15.05.46:088][154]LogModuleManager: Shutting down and abandoning module PaperTiledImporter (262)
[2017.08.31-15.05.46:088][154]LogModuleManager: Shutting down and abandoning module PaperSpriteSheetImporter (260)
[2017.08.31-15.05.46:088][154]LogModuleManager: Shutting down and abandoning module Paper2DEditor (258)
[2017.08.31-15.05.46:088][154]LogModuleManager: Shutting down and abandoning module MeshPaint (257)
[2017.08.31-15.05.46:089][154]LogModuleManager: Shutting down and abandoning module LevelEditor (255)
[2017.08.31-15.05.46:102][154]LogModuleManager: Shutting down and abandoning module PixelInspectorModule (254)
[2017.08.31-15.05.46:124][154]LogModuleManager: Shutting down and abandoning module MainFrame (252)
[2017.08.31-15.05.46:131][154]LogModuleManager: Shutting down and abandoning module HotReload (251)
[2017.08.31-15.05.46:144][154]LogDirectoryWatcher: A directory notification for 'C:/Users/yeshj/Desktop/폴더들/Unreal Engine 4 Project/Practice/Binaries/Win64' was aborted.
[2017.08.31-15.05.46:145][154]LogModuleManager: Shutting down and abandoning module PhysXVehiclesEditor (246)
[2017.08.31-15.05.46:157][154]LogModuleManager: Shutting down and abandoning module PhysXVehicles (244)
[2017.08.31-15.05.46:157][154]LogModuleManager: Shutting down and abandoning module LocationServicesBPLibrary (242)
[2017.08.31-15.05.46:157][154]LogModuleManager: Shutting down and abandoning module ImmediatePhysicsEditor (240)
[2017.08.31-15.05.46:157][154]LogModuleManager: Shutting down and abandoning module ImmediatePhysics (238)
[2017.08.31-15.05.46:164][154]LogModuleManager: Shutting down and abandoning module UdpMessaging (236)
[2017.08.31-15.05.46:265][154]LogModuleManager: Shutting down and abandoning module TcpMessaging (234)
[2017.08.31-15.05.46:374][154]LogModuleManager: Shutting down and abandoning module GameplayTagsEditor (232)
[2017.08.31-15.05.46:399][154]LogModuleManager: Shutting down and abandoning module FacialAnimationEditor (230)
[2017.08.31-15.05.46:399][154]LogModuleManager: Shutting down and abandoning module FacialAnimation (228)
[2017.08.31-15.05.46:399][154]LogModuleManager: Shutting down and abandoning module AssetManagerEditor (226)
[2017.08.31-15.05.46:417][154]LogModuleManager: Shutting down and abandoning module GraphEditor (225)
[2017.08.31-15.05.46:417][154]LogModuleManager: Shutting down and abandoning module ContentBrowser (223)
[2017.08.31-15.05.46:418][154]LogModuleManager: Shutting down and abandoning module LightPropagationVolumeRuntime (220)
[2017.08.31-15.05.46:418][154]LogModuleManager: Shutting down and abandoning module Paper2D (218)
[2017.08.31-15.05.46:441][154]LogModuleManager: Shutting down and abandoning module WindowsMoviePlayer (216)
[2017.08.31-15.05.46:441][154]LogModuleManager: Shutting down and abandoning module WmfMedia (214)
[2017.08.31-15.05.46:442][154]LogModuleManager: Shutting down and abandoning module ClothingSystemEditor (212)
[2017.08.31-15.05.46:442][154]LogModuleManager: Shutting down and abandoning module ClothingSystemRuntime (210)
[2017.08.31-15.05.46:460][154]LogModuleManager: Shutting down and abandoning module MediaAssets (208)
[2017.08.31-15.05.46:460][154]LogModuleManager: Shutting down and abandoning module GameLiveStreaming (206)
[2017.08.31-15.05.46:460][154]LogModuleManager: Shutting down and abandoning module VREditor (204)
[2017.08.31-15.05.46:475][154]LogModuleManager: Shutting down and abandoning module StringTableEditor (202)
[2017.08.31-15.05.46:516][154]LogModuleManager: Shutting down and abandoning module GameplayTasksEditor (200)
[2017.08.31-15.05.46:516][154]LogModuleManager: Shutting down and abandoning module BehaviorTreeEditor (198)
[2017.08.31-15.05.46:548][154]LogModuleManager: Shutting down and abandoning module FunctionalTesting (196)
[2017.08.31-15.05.46:548][154]LogModuleManager: Shutting down and abandoning module CollisionAnalyzer (194)
[2017.08.31-15.05.46:589][154]LogModuleManager: Shutting down and abandoning module UMG (192)
[2017.08.31-15.05.46:599][154]LogModuleManager: Shutting down and abandoning module UMGEditor (191)
[2017.08.31-15.05.46:599][154]LogModuleManager: Shutting down and abandoning module Sequencer (190)
[2017.08.31-15.05.46:599][154]LogModuleManager: Shutting down and abandoning module AssetTools (188)
[2017.08.31-15.05.46:648][154]LogModuleManager: Shutting down and abandoning module MessageLog (187)
[2017.08.31-15.05.46:648][154]LogModuleManager: Shutting down and abandoning module WorkspaceMenuStructure (186)
[2017.08.31-15.05.46:648][154]LogModuleManager: Shutting down and abandoning module SlateReflector (180)
[2017.08.31-15.05.46:672][154]LogModuleManager: Shutting down and abandoning module Slate (178)
[2017.08.31-15.05.46:672][154]LogModuleManager: Shutting down and abandoning module EditorStyle (176)
[2017.08.31-15.05.46:675][154]LogModuleManager: Shutting down and abandoning module SourceCodeAccess (174)
[2017.08.31-15.05.46:675][154]LogModuleManager: Shutting down and abandoning module HeadMountedDisplay (172)
[2017.08.31-15.05.46:675][154]LogModuleManager: Shutting down and abandoning module XAudio2 (170)
[2017.08.31-15.05.46:675][154]LogModuleManager: Shutting down and abandoning module Networking (168)
[2017.08.31-15.05.46:675][154]LogModuleManager: Shutting down and abandoning module Core (164)
[2017.08.31-15.05.46:675][154]LogModuleManager: Shutting down and abandoning module AssetRegistry (162)
[2017.08.31-15.05.46:857][154]LogDirectoryWatcher: A directory notification for '../../../Engine/Content/' was aborted.
[2017.08.31-15.05.46:857][154]LogDirectoryWatcher: A directory notification for '../../../../../../Users/yeshj/Desktop/폴더들/Unreal Engine 4 Project/Practice/Content/' was aborted.
[2017.08.31-15.05.46:857][154]LogDirectoryWatcher: A directory notification for '../../../Engine/Plugins/2D/Paper2D/Content/' was aborted.
[2017.08.31-15.05.46:857][154]LogDirectoryWatcher: A directory notification for '../../../Engine/Plugins/Runtime/GearVR/Content/' was aborted.
[2017.08.31-15.05.46:862][154]LogModuleManager: Shutting down and abandoning module DirectoryWatcher (161)
[2017.08.31-15.05.46:867][154]LogModuleManager: Shutting down and abandoning module KismetCompiler (158)
[2017.08.31-15.05.46:867][154]LogModuleManager: Shutting down and abandoning module LevelSequence (156)
[2017.08.31-15.05.46:867][154]LogModuleManager: Shutting down and abandoning module PhysXFormats (154)
[2017.08.31-15.05.46:867][154]LogModuleManager: Shutting down and abandoning module MeshUtilities (152)
[2017.08.31-15.05.46:898][154]LogModuleManager: Shutting down and abandoning module SimplygonSwarm (151)
[2017.08.31-15.05.46:908][154]LogModuleManager: Shutting down and abandoning module SimplygonMeshReduction (149)
[2017.08.31-15.05.46:908][154]LogModuleManager: Shutting down and abandoning module QuadricMeshReduction (147)
[2017.08.31-15.05.46:919][154]LogModuleManager: Shutting down and abandoning module DerivedDataCache (144)
[2017.08.31-15.05.47:019][154]LogDerivedDataCache: Shutdown
[2017.08.31-15.05.47:019][154]LogModuleManager: Shutting down and abandoning module TargetPlatform (142)
[2017.08.31-15.05.47:019][154]LogModuleManager: Shutting down and abandoning module VulkanShaderFormat (141)
[2017.08.31-15.05.47:047][154]LogModuleManager: Shutting down and abandoning module ShaderFormatVectorVM (139)
[2017.08.31-15.05.47:058][154]LogModuleManager: Shutting down and abandoning module ShaderFormatOpenGL (137)
[2017.08.31-15.05.47:077][154]LogModuleManager: Shutting down and abandoning module ShaderFormatD3D (135)
[2017.08.31-15.05.47:077][154]LogModuleManager: Shutting down and abandoning module MetalShaderFormat (133)
[2017.08.31-15.05.47:096][154]LogModuleManager: Shutting down and abandoning module TextureFormatUncompressed (131)
[2017.08.31-15.05.47:096][154]LogModuleManager: Shutting down and abandoning module TextureFormatPVR (129)
[2017.08.31-15.05.47:096][154]LogModuleManager: Shutting down and abandoning module TextureFormatDXT (127)
[2017.08.31-15.05.47:096][154]LogModuleManager: Shutting down and abandoning module TextureFormatIntelISPCTexComp (125)
[2017.08.31-15.05.47:096][154]LogModuleManager: Shutting down and abandoning module TextureFormatASTC (123)
[2017.08.31-15.05.47:096][154]LogModuleManager: Shutting down and abandoning module ImageWrapper (122)
[2017.08.31-15.05.47:096][154]LogModuleManager: Shutting down and abandoning module TextureFormatAndroid (119)
[2017.08.31-15.05.47:096][154]LogModuleManager: Shutting down and abandoning module AudioFormatOpus (117)
[2017.08.31-15.05.47:096][154]LogModuleManager: Shutting down and abandoning module AudioFormatOgg (115)
[2017.08.31-15.05.47:096][154]LogModuleManager: Shutting down and abandoning module AudioFormatADPCM (113)
[2017.08.31-15.05.47:096][154]LogModuleManager: Shutting down and abandoning module LinuxTargetPlatform (111)
[2017.08.31-15.05.47:096][154]LogModuleManager: Shutting down and abandoning module LinuxServerTargetPlatform (109)
[2017.08.31-15.05.47:096][154]LogModuleManager: Shutting down and abandoning module LinuxNoEditorTargetPlatform (107)
[2017.08.31-15.05.47:096][154]LogModuleManager: Shutting down and abandoning module LinuxClientTargetPlatform (105)
[2017.08.31-15.05.47:096][154]LogModuleManager: Shutting down and abandoning module TVOSTargetPlatform (103)
[2017.08.31-15.05.47:096][154]LogModuleManager: Shutting down and abandoning module Messaging (101)
[2017.08.31-15.05.47:096][154]LogModuleManager: Shutting down and abandoning module IOSTargetPlatform (99)
[2017.08.31-15.05.47:096][154]LogModuleManager: Shutting down and abandoning module HTML5TargetPlatform (97)
[2017.08.31-15.05.47:096][154]LogModuleManager: Shutting down and abandoning module Android_PVRTCTargetPlatform (95)
[2017.08.31-15.05.47:096][154]LogModuleManager: Shutting down and abandoning module Android_MultiTargetPlatform (93)
[2017.08.31-15.05.47:096][154]LogModuleManager: Shutting down and abandoning module Android_ETC2TargetPlatform (91)
[2017.08.31-15.05.47:096][154]LogModuleManager: Shutting down and abandoning module Android_ETC1TargetPlatform (89)
[2017.08.31-15.05.47:096][154]LogModuleManager: Shutting down and abandoning module Android_DXTTargetPlatform (87)
[2017.08.31-15.05.47:096][154]LogModuleManager: Shutting down and abandoning module Android_ATCTargetPlatform (85)
[2017.08.31-15.05.47:096][154]LogModuleManager: Shutting down and abandoning module Android_ASTCTargetPlatform (83)
[2017.08.31-15.05.47:096][154]LogModuleManager: Shutting down and abandoning module AndroidTargetPlatform (81)
[2017.08.31-15.05.47:096][154]LogModuleManager: Shutting down and abandoning module WindowsTargetPlatform (79)
[2017.08.31-15.05.47:096][154]LogModuleManager: Shutting down and abandoning module WindowsServerTargetPlatform (77)
[2017.08.31-15.05.47:096][154]LogModuleManager: Shutting down and abandoning module WindowsNoEditorTargetPlatform (75)
[2017.08.31-15.05.47:096][154]LogModuleManager: Shutting down and abandoning module WindowsClientTargetPlatform (73)
[2017.08.31-15.05.47:096][154]LogModuleManager: Shutting down and abandoning module MacTargetPlatform (71)
[2017.08.31-15.05.47:096][154]LogModuleManager: Shutting down and abandoning module MacServerTargetPlatform (69)
[2017.08.31-15.05.47:096][154]LogModuleManager: Shutting down and abandoning module MacNoEditorTargetPlatform (67)
[2017.08.31-15.05.47:096][154]LogModuleManager: Shutting down and abandoning module MacClientTargetPlatform (65)
[2017.08.31-15.05.47:096][154]LogModuleManager: Shutting down and abandoning module AllDesktopTargetPlatform (63)
[2017.08.31-15.05.47:096][154]LogModuleManager: Shutting down and abandoning module InputCore (60)
[2017.08.31-15.05.47:096][154]LogModuleManager: Shutting down and abandoning module Settings (58)
[2017.08.31-15.05.47:096][154]LogModuleManager: Shutting down and abandoning module OculusRift (56)
[2017.08.31-15.05.47:097][154]LogModuleManager: Shutting down and abandoning module GearVRController (54)
[2017.08.31-15.05.47:097][154]LogModuleManager: Shutting down and abandoning module GearVR (52)
[2017.08.31-15.05.47:116][154]LogModuleManager: Shutting down and abandoning module ExampleDeviceProfileSelector (50)
[2017.08.31-15.05.47:116][154]LogModuleManager: Shutting down and abandoning module OnlineBlueprintSupport (48)
[2017.08.31-15.05.47:116][154]LogModuleManager: Shutting down and abandoning module OnlineSubsystem (44)
[2017.08.31-15.05.47:116][154]LogOnline:Display: Unloading online subsystem: NULL
[2017.08.31-15.05.47:139][154]LogModuleManager: Shutting down and abandoning module XMPP (43)
[2017.08.31-15.05.47:146][154]LogModuleManager: Shutting down and abandoning module HTTP (41)
[2017.08.31-15.05.47:146][154]LogHttp:Display: Http module shutting down, but needs to wait on 1 outstanding Http requests:
[2017.08.31-15.05.47:150][154]LogHttp:Display: 	verb=[POST] url=[https://datarouter.ol.epicgames.com/datarouter/api/v1/public/data?SessionID=%7BFF4B9D07-4BD3-9A5C-F169-5EBC34C1C8F8%7D&AppID=UEEditor.Rocket.Release&AppVersion=4.16.3-3561208%2B%2B%2BUE4%2BRelease-4.16&UserID=8db79c4f4641005a9a9283b93497ebe9%7Ce0dc99214f6e48b8ad3ee1817bb75f2d%7Ce80611fd-8668-4a6e-b7c9-834d394f29da&AppEnvironment=datacollector-binary&UploadType=eteventstream] status=Processing
[2017.08.31-15.05.47:158][154]LogModuleManager: Shutting down and abandoning module SSL (40)
[2017.08.31-15.05.47:169][154]LogModuleManager: Shutting down and abandoning module HTTPChunkInstaller (36)
[2017.08.31-15.05.47:191][154]LogModuleManager: Shutting down and abandoning module AnimationModifiers (34)
[2017.08.31-15.05.47:201][154]LogModuleManager: Shutting down and abandoning module PropertyEditor (33)
[2017.08.31-15.05.47:201][154]LogModuleManager: Shutting down and abandoning module AudioEditor (30)
[2017.08.31-15.05.47:235][154]LogModuleManager: Shutting down and abandoning module TextureCompressor (28)
[2017.08.31-15.05.47:235][154]LogModuleManager: Shutting down and abandoning module ShaderCore (26)
[2017.08.31-15.05.47:235][154]LogModuleManager: Shutting down and abandoning module Landscape (24)
[2017.08.31-15.05.47:235][154]LogModuleManager: Shutting down and abandoning module SlateRHIRenderer (22)
[2017.08.31-15.05.47:257][154]LogModuleManager: Shutting down and abandoning module OpenGLDrv (20)
[2017.08.31-15.05.47:272][154]LogModuleManager: Shutting down and abandoning module D3D11RHI (18)
[2017.08.31-15.05.47:272][154]LogModuleManager: Shutting down and abandoning module AnimGraphRuntime (16)
[2017.08.31-15.05.47:272][154]LogModuleManager: Shutting down and abandoning module Renderer (14)
[2017.08.31-15.05.47:272][154]LogModuleManager: Shutting down and abandoning module Engine (12)
[2017.08.31-15.05.47:272][154]LogModuleManager: Shutting down and abandoning module CoreUObject (10)
[2017.08.31-15.05.47:272][154]LogModuleManager: Shutting down and abandoning module NetworkFile (8)
[2017.08.31-15.05.47:272][154]LogModuleManager: Shutting down and abandoning module StreamingFile (6)
[2017.08.31-15.05.47:272][154]LogModuleManager: Shutting down and abandoning module SandboxFile (4)
[2017.08.31-15.05.47:272][154]LogModuleManager: Shutting down and abandoning module PakFile (2)
[2017.08.31-15.05.47:296][154]LogExit: Exiting.
[2017.08.31-15.05.47:315][154]Log file closed, 09/01/17 00:05:47
